18:44:11.805 [main] INFO  org.testng.internal.Utils - [Utils] MethodGroupsHelper.sortMethods() took 1 ms.
18:44:11.821 [main] INFO  org.testng.internal.Utils - [Utils] MethodGroupsHelper.collectMethodsByGroup() took 0 ms.
18:44:11.821 [main] INFO  org.testng.internal.Utils - [Utils] MethodGroupsHelper.sortMethods() took 0 ms.
18:44:11.822 [main] INFO  org.testng.internal.Utils - [Utils] MethodGroupsHelper.collectMethodsByGroup() took 0 ms.
18:44:11.822 [main] INFO  org.testng.internal.Utils - [Utils] MethodGroupsHelper.sortMethods() took 0 ms.
18:44:11.822 [main] INFO  org.testng.internal.Utils - [Utils] MethodGroupsHelper.collectMethodsByGroup() took 0 ms.
18:44:11.822 [main] INFO  org.testng.internal.Utils - [Utils] MethodGroupsHelper.sortMethods() took 0 ms.
18:44:11.827 [main] INFO  org.testng.internal.Utils - [Utils] MethodGroupsHelper.collectMethodsByGroup() took 2 ms.
18:44:11.836 [main] INFO  org.testng.internal.Utils - [Utils] MethodGroupsHelper.sortMethods() took 8 ms.
18:44:11.837 [main] INFO  org.testng.internal.Utils - [Utils] MethodGroupsHelper.collectMethodsByGroup() took 0 ms.
18:44:11.838 [main] INFO  org.testng.internal.Utils - [Utils] MethodGroupsHelper.sortMethods() took 0 ms.
18:44:11.839 [main] INFO  org.testng.internal.Utils - [Utils] MethodGroupsHelper.collectMethodsByGroup() took 0 ms.
18:44:11.839 [main] INFO  org.testng.internal.Utils - [Utils] MethodGroupsHelper.sortMethods() took 0 ms.
18:44:11.839 [main] INFO  org.testng.internal.Utils - [Utils] MethodGroupsHelper.collectMethodsByGroup() took 0 ms.
18:44:11.839 [main] INFO  org.testng.internal.Utils - [Utils] MethodGroupsHelper.sortMethods() took 0 ms.
18:44:11.840 [main] INFO  org.testng.internal.Utils - [Utils] MethodGroupsHelper.collectMethodsByGroup() took 0 ms.
18:44:11.840 [main] INFO  org.testng.internal.Utils - [Utils] MethodGroupsHelper.sortMethods() took 0 ms.
18:44:11.840 [main] INFO  org.testng.internal.Utils - [Utils] MethodGroupsHelper.collectMethodsByGroup() took 0 ms.
18:44:11.840 [main] INFO  org.testng.internal.Utils - [Utils] MethodGroupsHelper.sortMethods() took 0 ms.
18:44:11.843 [main] INFO  org.testng.internal.Utils - [Utils] MethodGroupsHelper.collectMethodsByGroup() took 0 ms.
18:44:11.843 [main] INFO  org.testng.internal.Utils - [Utils] MethodGroupsHelper.sortMethods() took 0 ms.
18:44:11.843 [main] INFO  org.testng.internal.Utils - [Utils] MethodGroupsHelper.collectMethodsByGroup() took 0 ms.
18:44:11.843 [main] INFO  org.testng.internal.Utils - [Utils] MethodGroupsHelper.sortMethods() took 0 ms.
18:44:11.844 [main] INFO  org.testng.internal.Utils - [Utils] MethodGroupsHelper.collectMethodsByGroup() took 0 ms.
18:44:11.844 [main] INFO  org.testng.internal.Utils - [Utils] MethodGroupsHelper.sortMethods() took 0 ms.
18:44:11.845 [main] INFO  org.testng.internal.Utils - [Utils] MethodGroupsHelper.collectMethodsByGroup() took 0 ms.
18:44:11.845 [main] INFO  org.testng.internal.Utils - [Utils] MethodGroupsHelper.sortMethods() took 0 ms.
18:44:11.845 [main] INFO  org.testng.internal.Utils - [Utils] MethodGroupsHelper.collectMethodsByGroup() took 0 ms.
18:44:11.845 [main] INFO  org.testng.internal.Utils - [Utils] MethodGroupsHelper.sortMethods() took 0 ms.
18:44:11.853 [main] INFO  org.testng.internal.Utils - [TestNG] Running:
  C:\Users\Pradeep\AppData\Local\Temp\testng-eclipse-1542682565\testng-customsuite.xml

18:44:11.868 [main] INFO  org.testng.internal.Utils - [Utils] DynamicGraphHelper.createDynamicGraph() took 3 ms.
18:44:12.054 [main] INFO  org.testng.internal.Utils - [TestNG] Time taken by org.testng.reporters.jq.Main@7813cb11: 77 ms
18:44:12.067 [main] INFO  org.testng.internal.Utils - [TestNG] Time taken by org.testng.reporters.FailedReporter@6e16b8b5: 13 ms
18:44:12.076 [main] INFO  org.testng.internal.Utils - [TestNG] Time taken by org.testng.reporters.XMLReporter@226642a5: 9 ms
18:44:12.083 [main] INFO  org.testng.internal.Utils - [TestNG] Time taken by org.testng.reporters.EmailableReporter2@751d3241: 6 ms
18:44:12.090 [main] INFO  org.testng.internal.Utils - [TestNG] Time taken by org.testng.reporters.JUnitReportReporter@611df6e3: 6 ms
18:44:12.090 [main] INFO  org.testng.internal.Utils - [TestNG] Time taken by org.testng.internal.ExitCodeListener@5f2f577: 0 ms
18:49:45.320 [main] DEBUG org.testng.TestNG - suiteXmlPath: "C:\Users\Pradeep\Desktop\JavaProgram\Opencartv1\grouping.xml"
18:49:45.506 [main] INFO  org.testng.internal.Utils - [TestNG] Running:
  C:\Users\Pradeep\Desktop\JavaProgram\Opencartv1\grouping.xml

18:50:36.718 [main] DEBUG org.testng.TestNG - suiteXmlPath: "C:\Users\Pradeep\AppData\Local\Temp\testng-eclipse-1662843527\testng-customsuite.xml"
18:50:36.936 [main] INFO  org.testng.internal.Utils - [Utils] MethodGroupsHelper.collectMethodsByGroup() took 1 ms.
18:50:36.939 [main] INFO  org.testng.internal.Utils - [Utils] MethodGroupsHelper.sortMethods() took 0 ms.
18:50:36.941 [main] INFO  org.testng.internal.Utils - [Utils] MethodGroupsHelper.collectMethodsByGroup() took 0 ms.
18:50:36.941 [main] INFO  org.testng.internal.Utils - [Utils] MethodGroupsHelper.sortMethods() took 0 ms.
18:50:36.942 [main] INFO  org.testng.internal.Utils - [Utils] MethodGroupsHelper.collectMethodsByGroup() took 0 ms.
18:50:36.942 [main] INFO  org.testng.internal.Utils - [Utils] MethodGroupsHelper.sortMethods() took 0 ms.
18:50:36.942 [main] INFO  org.testng.internal.Utils - [Utils] MethodGroupsHelper.collectMethodsByGroup() took 0 ms.
18:50:36.943 [main] INFO  org.testng.internal.Utils - [Utils] MethodGroupsHelper.sortMethods() took 0 ms.
18:50:36.949 [main] INFO  org.testng.internal.Utils - [Utils] MethodGroupsHelper.collectMethodsByGroup() took 4 ms.
18:50:36.957 [main] INFO  org.testng.internal.Utils - [Utils] MethodGroupsHelper.sortMethods() took 7 ms.
18:50:36.959 [main] INFO  org.testng.internal.Utils - [Utils] MethodGroupsHelper.collectMethodsByGroup() took 1 ms.
18:50:36.959 [main] INFO  org.testng.internal.Utils - [Utils] MethodGroupsHelper.sortMethods() took 0 ms.
18:50:36.961 [main] INFO  org.testng.internal.Utils - [Utils] MethodGroupsHelper.collectMethodsByGroup() took 0 ms.
18:50:36.961 [main] INFO  org.testng.internal.Utils - [Utils] MethodGroupsHelper.sortMethods() took 0 ms.
18:50:36.961 [main] INFO  org.testng.internal.Utils - [Utils] MethodGroupsHelper.collectMethodsByGroup() took 0 ms.
18:50:36.961 [main] INFO  org.testng.internal.Utils - [Utils] MethodGroupsHelper.sortMethods() took 0 ms.
18:50:36.963 [main] INFO  org.testng.internal.Utils - [Utils] MethodGroupsHelper.collectMethodsByGroup() took 0 ms.
18:50:36.963 [main] INFO  org.testng.internal.Utils - [Utils] MethodGroupsHelper.sortMethods() took 0 ms.
18:50:36.964 [main] INFO  org.testng.internal.Utils - [Utils] MethodGroupsHelper.collectMethodsByGroup() took 0 ms.
18:50:36.964 [main] INFO  org.testng.internal.Utils - [Utils] MethodGroupsHelper.sortMethods() took 0 ms.
18:50:36.966 [main] INFO  org.testng.internal.Utils - [Utils] MethodGroupsHelper.collectMethodsByGroup() took 0 ms.
18:50:36.966 [main] INFO  org.testng.internal.Utils - [Utils] MethodGroupsHelper.sortMethods() took 0 ms.
18:50:36.966 [main] INFO  org.testng.internal.Utils - [Utils] MethodGroupsHelper.collectMethodsByGroup() took 0 ms.
18:50:36.966 [main] INFO  org.testng.internal.Utils - [Utils] MethodGroupsHelper.sortMethods() took 0 ms.
18:50:36.967 [main] INFO  org.testng.internal.Utils - [Utils] MethodGroupsHelper.collectMethodsByGroup() took 0 ms.
18:50:36.967 [main] INFO  org.testng.internal.Utils - [Utils] MethodGroupsHelper.sortMethods() took 0 ms.
18:50:36.969 [main] INFO  org.testng.internal.Utils - [Utils] MethodGroupsHelper.collectMethodsByGroup() took 0 ms.
18:50:36.969 [main] INFO  org.testng.internal.Utils - [Utils] MethodGroupsHelper.sortMethods() took 0 ms.
18:50:36.969 [main] INFO  org.testng.internal.Utils - [Utils] MethodGroupsHelper.collectMethodsByGroup() took 0 ms.
18:50:36.969 [main] INFO  org.testng.internal.Utils - [Utils] MethodGroupsHelper.sortMethods() took 0 ms.
18:50:36.976 [main] INFO  org.testng.internal.Utils - [TestNG] Running:
  C:\Users\Pradeep\AppData\Local\Temp\testng-eclipse-1662843527\testng-customsuite.xml

18:50:36.990 [main] INFO  org.testng.internal.Utils - [Utils] DynamicGraphHelper.createDynamicGraph() took 3 ms.
18:50:37.290 [main] INFO  org.testng.internal.Utils - [TestNG] Time taken by org.testng.reporters.jq.Main@545de5a4: 144 ms
18:50:37.302 [main] INFO  org.testng.internal.Utils - [TestNG] Time taken by org.testng.reporters.FailedReporter@4ebea12c: 12 ms
18:50:37.315 [main] INFO  org.testng.internal.Utils - [TestNG] Time taken by org.testng.reporters.XMLReporter@89c10b7: 13 ms
18:50:37.323 [main] INFO  org.testng.internal.Utils - [TestNG] Time taken by org.testng.reporters.EmailableReporter2@7b139eab: 8 ms
18:50:37.330 [main] INFO  org.testng.internal.Utils - [TestNG] Time taken by org.testng.reporters.JUnitReportReporter@41a90fa8: 7 ms
18:50:37.330 [main] INFO  org.testng.internal.Utils - [TestNG] Time taken by org.testng.internal.ExitCodeListener@3d8bbcdc: 0 ms
18:50:38.005 [main] DEBUG org.testng.TestNG - suiteXmlPath: "C:\Users\Pradeep\AppData\Local\Temp\testng-eclipse-1233848503\testng-customsuite.xml"
18:50:38.261 [main] INFO  org.testng.internal.Utils - [Utils] MethodGroupsHelper.collectMethodsByGroup() took 0 ms.
18:50:38.265 [main] INFO  org.testng.internal.Utils - [Utils] MethodGroupsHelper.sortMethods() took 2 ms.
18:50:38.267 [main] INFO  org.testng.internal.Utils - [Utils] MethodGroupsHelper.collectMethodsByGroup() took 0 ms.
18:50:38.267 [main] INFO  org.testng.internal.Utils - [Utils] MethodGroupsHelper.sortMethods() took 0 ms.
18:50:38.268 [main] INFO  org.testng.internal.Utils - [Utils] MethodGroupsHelper.collectMethodsByGroup() took 0 ms.
18:50:38.268 [main] INFO  org.testng.internal.Utils - [Utils] MethodGroupsHelper.sortMethods() took 0 ms.
18:50:38.269 [main] INFO  org.testng.internal.Utils - [Utils] MethodGroupsHelper.collectMethodsByGroup() took 0 ms.
18:50:38.269 [main] INFO  org.testng.internal.Utils - [Utils] MethodGroupsHelper.sortMethods() took 0 ms.
18:50:38.276 [main] INFO  org.testng.internal.Utils - [Utils] MethodGroupsHelper.collectMethodsByGroup() took 4 ms.
18:50:38.286 [main] INFO  org.testng.internal.Utils - [Utils] MethodGroupsHelper.sortMethods() took 9 ms.
18:50:38.288 [main] INFO  org.testng.internal.Utils - [Utils] MethodGroupsHelper.collectMethodsByGroup() took 0 ms.
18:50:38.288 [main] INFO  org.testng.internal.Utils - [Utils] MethodGroupsHelper.sortMethods() took 0 ms.
18:50:38.289 [main] INFO  org.testng.internal.Utils - [Utils] MethodGroupsHelper.collectMethodsByGroup() took 0 ms.
18:50:38.289 [main] INFO  org.testng.internal.Utils - [Utils] MethodGroupsHelper.sortMethods() took 0 ms.
18:50:38.290 [main] INFO  org.testng.internal.Utils - [Utils] MethodGroupsHelper.collectMethodsByGroup() took 0 ms.
18:50:38.290 [main] INFO  org.testng.internal.Utils - [Utils] MethodGroupsHelper.sortMethods() took 0 ms.
18:50:38.292 [main] INFO  org.testng.internal.Utils - [Utils] MethodGroupsHelper.collectMethodsByGroup() took 0 ms.
18:50:38.292 [main] INFO  org.testng.internal.Utils - [Utils] MethodGroupsHelper.sortMethods() took 0 ms.
18:50:38.293 [main] INFO  org.testng.internal.Utils - [Utils] MethodGroupsHelper.collectMethodsByGroup() took 0 ms.
18:50:38.293 [main] INFO  org.testng.internal.Utils - [Utils] MethodGroupsHelper.sortMethods() took 0 ms.
18:50:38.296 [main] INFO  org.testng.internal.Utils - [Utils] MethodGroupsHelper.collectMethodsByGroup() took 0 ms.
18:50:38.297 [main] INFO  org.testng.internal.Utils - [Utils] MethodGroupsHelper.sortMethods() took 0 ms.
18:50:38.297 [main] INFO  org.testng.internal.Utils - [Utils] MethodGroupsHelper.collectMethodsByGroup() took 0 ms.
18:50:38.297 [main] INFO  org.testng.internal.Utils - [Utils] MethodGroupsHelper.sortMethods() took 0 ms.
18:50:38.298 [main] INFO  org.testng.internal.Utils - [Utils] MethodGroupsHelper.collectMethodsByGroup() took 0 ms.
18:50:38.299 [main] INFO  org.testng.internal.Utils - [Utils] MethodGroupsHelper.sortMethods() took 1 ms.
18:50:38.300 [main] INFO  org.testng.internal.Utils - [Utils] MethodGroupsHelper.collectMethodsByGroup() took 0 ms.
18:50:38.301 [main] INFO  org.testng.internal.Utils - [Utils] MethodGroupsHelper.sortMethods() took 0 ms.
18:50:38.301 [main] INFO  org.testng.internal.Utils - [Utils] MethodGroupsHelper.collectMethodsByGroup() took 0 ms.
18:50:38.301 [main] INFO  org.testng.internal.Utils - [Utils] MethodGroupsHelper.sortMethods() took 0 ms.
18:50:38.309 [main] INFO  org.testng.internal.Utils - [TestNG] Running:
  C:\Users\Pradeep\AppData\Local\Temp\testng-eclipse-1233848503\testng-customsuite.xml

18:50:38.334 [main] INFO  org.testng.internal.Utils - [Utils] DynamicGraphHelper.createDynamicGraph() took 7 ms.
18:50:38.558 [main] DEBUG org.testng.TestNG - suiteXmlPath: "C:\Users\Pradeep\AppData\Local\Temp\testng-eclipse--1713343396\testng-customsuite.xml"
18:50:38.565 [main] INFO  org.testng.internal.Utils - [TestNG] Time taken by org.testng.reporters.jq.Main@545de5a4: 99 ms
18:50:38.582 [main] INFO  org.testng.internal.Utils - [TestNG] Time taken by org.testng.reporters.FailedReporter@4ebea12c: 17 ms
18:50:38.598 [main] INFO  org.testng.internal.Utils - [TestNG] Time taken by org.testng.reporters.XMLReporter@89c10b7: 16 ms
18:50:38.606 [main] INFO  org.testng.internal.Utils - [TestNG] Time taken by org.testng.reporters.EmailableReporter2@7b139eab: 8 ms
18:50:38.615 [main] INFO  org.testng.internal.Utils - [TestNG] Time taken by org.testng.reporters.JUnitReportReporter@41a90fa8: 8 ms
18:50:38.615 [main] INFO  org.testng.internal.Utils - [TestNG] Time taken by org.testng.internal.ExitCodeListener@3d8bbcdc: 0 ms
18:50:38.813 [main] INFO  org.testng.internal.Utils - [Utils] MethodGroupsHelper.collectMethodsByGroup() took 1 ms.
18:50:38.816 [main] INFO  org.testng.internal.Utils - [Utils] MethodGroupsHelper.sortMethods() took 2 ms.
18:50:38.818 [main] INFO  org.testng.internal.Utils - [Utils] MethodGroupsHelper.collectMethodsByGroup() took 0 ms.
18:50:38.818 [main] INFO  org.testng.internal.Utils - [Utils] MethodGroupsHelper.sortMethods() took 0 ms.
18:50:38.819 [main] INFO  org.testng.internal.Utils - [Utils] MethodGroupsHelper.collectMethodsByGroup() took 0 ms.
18:50:38.819 [main] INFO  org.testng.internal.Utils - [Utils] MethodGroupsHelper.sortMethods() took 0 ms.
18:50:38.820 [main] INFO  org.testng.internal.Utils - [Utils] MethodGroupsHelper.collectMethodsByGroup() took 0 ms.
18:50:38.820 [main] INFO  org.testng.internal.Utils - [Utils] MethodGroupsHelper.sortMethods() took 0 ms.
18:50:38.829 [main] INFO  org.testng.internal.Utils - [Utils] MethodGroupsHelper.collectMethodsByGroup() took 7 ms.
18:50:38.838 [main] INFO  org.testng.internal.Utils - [Utils] MethodGroupsHelper.sortMethods() took 9 ms.
18:50:38.841 [main] INFO  org.testng.internal.Utils - [Utils] MethodGroupsHelper.collectMethodsByGroup() took 0 ms.
18:50:38.842 [main] INFO  org.testng.internal.Utils - [Utils] MethodGroupsHelper.sortMethods() took 0 ms.
18:50:38.842 [main] INFO  org.testng.internal.Utils - [Utils] MethodGroupsHelper.collectMethodsByGroup() took 0 ms.
18:50:38.842 [main] INFO  org.testng.internal.Utils - [Utils] MethodGroupsHelper.sortMethods() took 0 ms.
18:50:38.844 [main] INFO  org.testng.internal.Utils - [Utils] MethodGroupsHelper.collectMethodsByGroup() took 0 ms.
18:50:38.844 [main] INFO  org.testng.internal.Utils - [Utils] MethodGroupsHelper.sortMethods() took 0 ms.
18:50:38.844 [main] INFO  org.testng.internal.Utils - [Utils] MethodGroupsHelper.collectMethodsByGroup() took 0 ms.
18:50:38.845 [main] INFO  org.testng.internal.Utils - [Utils] MethodGroupsHelper.sortMethods() took 0 ms.
18:50:38.846 [main] INFO  org.testng.internal.Utils - [Utils] MethodGroupsHelper.collectMethodsByGroup() took 0 ms.
18:50:38.846 [main] INFO  org.testng.internal.Utils - [Utils] MethodGroupsHelper.sortMethods() took 0 ms.
18:50:38.847 [main] INFO  org.testng.internal.Utils - [Utils] MethodGroupsHelper.collectMethodsByGroup() took 0 ms.
18:50:38.848 [main] INFO  org.testng.internal.Utils - [Utils] MethodGroupsHelper.sortMethods() took 0 ms.
18:50:38.848 [main] INFO  org.testng.internal.Utils - [Utils] MethodGroupsHelper.collectMethodsByGroup() took 0 ms.
18:50:38.848 [main] INFO  org.testng.internal.Utils - [Utils] MethodGroupsHelper.sortMethods() took 0 ms.
18:50:38.849 [main] INFO  org.testng.internal.Utils - [Utils] MethodGroupsHelper.collectMethodsByGroup() took 0 ms.
18:50:38.849 [main] INFO  org.testng.internal.Utils - [Utils] MethodGroupsHelper.sortMethods() took 0 ms.
18:50:38.850 [main] INFO  org.testng.internal.Utils - [Utils] MethodGroupsHelper.collectMethodsByGroup() took 0 ms.
18:50:38.851 [main] INFO  org.testng.internal.Utils - [Utils] MethodGroupsHelper.sortMethods() took 0 ms.
18:50:38.851 [main] INFO  org.testng.internal.Utils - [Utils] MethodGroupsHelper.collectMethodsByGroup() took 0 ms.
18:50:38.851 [main] INFO  org.testng.internal.Utils - [Utils] MethodGroupsHelper.sortMethods() took 0 ms.
18:50:38.859 [main] INFO  org.testng.internal.Utils - [TestNG] Running:
  C:\Users\Pradeep\AppData\Local\Temp\testng-eclipse--1713343396\testng-customsuite.xml

18:50:38.877 [main] INFO  org.testng.internal.Utils - [Utils] DynamicGraphHelper.createDynamicGraph() took 4 ms.
18:50:39.080 [main] INFO  org.testng.internal.Utils - [TestNG] Time taken by org.testng.reporters.jq.Main@545de5a4: 78 ms
18:50:39.090 [main] INFO  org.testng.internal.Utils - [TestNG] Time taken by org.testng.reporters.FailedReporter@4ebea12c: 9 ms
18:50:39.105 [main] INFO  org.testng.internal.Utils - [TestNG] Time taken by org.testng.reporters.XMLReporter@89c10b7: 15 ms
18:50:39.113 [main] INFO  org.testng.internal.Utils - [TestNG] Time taken by org.testng.reporters.EmailableReporter2@7b139eab: 7 ms
18:50:39.120 [main] INFO  org.testng.internal.Utils - [TestNG] Time taken by org.testng.reporters.JUnitReportReporter@41a90fa8: 7 ms
18:50:39.120 [main] INFO  org.testng.internal.Utils - [TestNG] Time taken by org.testng.internal.ExitCodeListener@3d8bbcdc: 0 ms
18:50:39.348 [main] DEBUG org.testng.TestNG - suiteXmlPath: "C:\Users\Pradeep\AppData\Local\Temp\testng-eclipse--2116560243\testng-customsuite.xml"
18:50:39.522 [main] INFO  org.testng.internal.Utils - [Utils] MethodGroupsHelper.collectMethodsByGroup() took 0 ms.
18:50:39.524 [main] INFO  org.testng.internal.Utils - [Utils] MethodGroupsHelper.sortMethods() took 1 ms.
18:50:39.526 [main] INFO  org.testng.internal.Utils - [Utils] MethodGroupsHelper.collectMethodsByGroup() took 0 ms.
18:50:39.526 [main] INFO  org.testng.internal.Utils - [Utils] MethodGroupsHelper.sortMethods() took 0 ms.
18:50:39.526 [main] INFO  org.testng.internal.Utils - [Utils] MethodGroupsHelper.collectMethodsByGroup() took 0 ms.
18:50:39.527 [main] INFO  org.testng.internal.Utils - [Utils] MethodGroupsHelper.sortMethods() took 0 ms.
18:50:39.527 [main] INFO  org.testng.internal.Utils - [Utils] MethodGroupsHelper.collectMethodsByGroup() took 0 ms.
18:50:39.527 [main] INFO  org.testng.internal.Utils - [Utils] MethodGroupsHelper.sortMethods() took 0 ms.
18:50:39.532 [main] INFO  org.testng.internal.Utils - [Utils] MethodGroupsHelper.collectMethodsByGroup() took 3 ms.
18:50:39.539 [main] INFO  org.testng.internal.Utils - [Utils] MethodGroupsHelper.sortMethods() took 6 ms.
18:50:39.540 [main] INFO  org.testng.internal.Utils - [Utils] MethodGroupsHelper.collectMethodsByGroup() took 0 ms.
18:50:39.540 [main] INFO  org.testng.internal.Utils - [Utils] MethodGroupsHelper.sortMethods() took 0 ms.
18:50:39.541 [main] INFO  org.testng.internal.Utils - [Utils] MethodGroupsHelper.collectMethodsByGroup() took 0 ms.
18:50:39.541 [main] INFO  org.testng.internal.Utils - [Utils] MethodGroupsHelper.sortMethods() took 0 ms.
18:50:39.542 [main] INFO  org.testng.internal.Utils - [Utils] MethodGroupsHelper.collectMethodsByGroup() took 0 ms.
18:50:39.542 [main] INFO  org.testng.internal.Utils - [Utils] MethodGroupsHelper.sortMethods() took 0 ms.
18:50:39.543 [main] INFO  org.testng.internal.Utils - [Utils] MethodGroupsHelper.collectMethodsByGroup() took 0 ms.
18:50:39.544 [main] INFO  org.testng.internal.Utils - [Utils] MethodGroupsHelper.sortMethods() took 0 ms.
18:50:39.544 [main] INFO  org.testng.internal.Utils - [Utils] MethodGroupsHelper.collectMethodsByGroup() took 0 ms.
18:50:39.544 [main] INFO  org.testng.internal.Utils - [Utils] MethodGroupsHelper.sortMethods() took 0 ms.
18:50:39.546 [main] INFO  org.testng.internal.Utils - [Utils] MethodGroupsHelper.collectMethodsByGroup() took 0 ms.
18:50:39.546 [main] INFO  org.testng.internal.Utils - [Utils] MethodGroupsHelper.sortMethods() took 0 ms.
18:50:39.546 [main] INFO  org.testng.internal.Utils - [Utils] MethodGroupsHelper.collectMethodsByGroup() took 0 ms.
18:50:39.546 [main] INFO  org.testng.internal.Utils - [Utils] MethodGroupsHelper.sortMethods() took 0 ms.
18:50:39.547 [main] INFO  org.testng.internal.Utils - [Utils] MethodGroupsHelper.collectMethodsByGroup() took 0 ms.
18:50:39.548 [main] INFO  org.testng.internal.Utils - [Utils] MethodGroupsHelper.sortMethods() took 1 ms.
18:50:39.549 [main] INFO  org.testng.internal.Utils - [Utils] MethodGroupsHelper.collectMethodsByGroup() took 0 ms.
18:50:39.549 [main] INFO  org.testng.internal.Utils - [Utils] MethodGroupsHelper.sortMethods() took 0 ms.
18:50:39.549 [main] INFO  org.testng.internal.Utils - [Utils] MethodGroupsHelper.collectMethodsByGroup() took 0 ms.
18:50:39.549 [main] INFO  org.testng.internal.Utils - [Utils] MethodGroupsHelper.sortMethods() took 0 ms.
18:50:39.556 [main] INFO  org.testng.internal.Utils - [TestNG] Running:
  C:\Users\Pradeep\AppData\Local\Temp\testng-eclipse--2116560243\testng-customsuite.xml

18:50:39.573 [main] INFO  org.testng.internal.Utils - [Utils] DynamicGraphHelper.createDynamicGraph() took 3 ms.
18:50:39.723 [main] INFO  org.testng.internal.Utils - [TestNG] Time taken by org.testng.reporters.jq.Main@545de5a4: 60 ms
18:50:39.742 [main] INFO  org.testng.internal.Utils - [TestNG] Time taken by org.testng.reporters.FailedReporter@4ebea12c: 19 ms
18:50:39.753 [main] INFO  org.testng.internal.Utils - [TestNG] Time taken by org.testng.reporters.XMLReporter@89c10b7: 10 ms
18:50:39.760 [main] INFO  org.testng.internal.Utils - [TestNG] Time taken by org.testng.reporters.EmailableReporter2@7b139eab: 7 ms
18:50:39.767 [main] INFO  org.testng.internal.Utils - [TestNG] Time taken by org.testng.reporters.JUnitReportReporter@41a90fa8: 7 ms
18:50:39.767 [main] INFO  org.testng.internal.Utils - [TestNG] Time taken by org.testng.internal.ExitCodeListener@3d8bbcdc: 0 ms
18:51:02.269 [main] DEBUG org.testng.TestNG - suiteXmlPath: "C:\Users\Pradeep\Desktop\JavaProgram\Opencartv1\grouping.xml"
18:51:02.461 [main] INFO  org.testng.internal.Utils - [TestNG] Running:
  C:\Users\Pradeep\Desktop\JavaProgram\Opencartv1\grouping.xml

18:51:52.485 [main] DEBUG org.testng.TestNG - suiteXmlPath: "C:\Users\Pradeep\Desktop\JavaProgram\Opencartv1\grouping.xml"
18:51:52.670 [main] INFO  org.testng.internal.Utils - [TestNG] Running:
  C:\Users\Pradeep\Desktop\JavaProgram\Opencartv1\grouping.xml

18:54:54.958 [main] DEBUG org.testng.TestNG - suiteXmlPath: "C:\Users\Pradeep\Desktop\JavaProgram\Opencartv1\grouping.xml"
18:54:55.146 [main] INFO  org.testng.internal.Utils - [TestNG] Running:
  C:\Users\Pradeep\Desktop\JavaProgram\Opencartv1\grouping.xml

18:56:06.880 [main] DEBUG org.testng.TestNG - suiteXmlPath: "C:\Users\Pradeep\Desktop\JavaProgram\Opencartv1\grouping.xml"
18:56:07.095 [main] INFO  org.testng.internal.Utils - [TestNG] Running:
  C:\Users\Pradeep\Desktop\JavaProgram\Opencartv1\grouping.xml

18:56:11.674 [main] INFO  testCases.TC001_AccountRegistrationTest - ***** Starting TC001_AccountRegistrationTest *****
18:56:11.776 [main] INFO  testCases.TC001_AccountRegistrationTest - ***** Clicked on MyAccount link *****
18:56:12.832 [main] INFO  testCases.TC001_AccountRegistrationTest - ***** Clicked on Register link *****
18:56:12.835 [main] INFO  testCases.TC001_AccountRegistrationTest - ***** Providing Customer Details *****
18:56:14.408 [main] INFO  testCases.TC001_AccountRegistrationTest - ***** Validatin Expected Message *****
18:56:14.448 [main] INFO  testCases.TC001_AccountRegistrationTest - ***** Finished TC001_AccountRegistrationTest *****
18:56:17.757 [main] INFO  testCases.TC002_LoginTest - **********Starting TC_002_LoginTest *********
18:56:19.285 [main] INFO  testCases.TC002_LoginTest - **********Finish TC_002_LoginTest *********
18:57:52.643 [main] DEBUG org.testng.TestNG - suiteXmlPath: "C:\Users\Pradeep\Desktop\JavaProgram\Opencartv1\grouping.xml"
18:57:52.840 [main] INFO  org.testng.internal.Utils - [TestNG] Running:
  C:\Users\Pradeep\Desktop\JavaProgram\Opencartv1\grouping.xml

18:57:56.012 [main] INFO  testCases.TC002_LoginTest - **********Starting TC_002_LoginTest *********
18:57:57.721 [main] INFO  testCases.TC002_LoginTest - **********Finish TC_002_LoginTest *********
18:58:28.540 [main] DEBUG org.testng.TestNG - suiteXmlPath: "C:\Users\Pradeep\Desktop\JavaProgram\Opencartv1\grouping.xml"
18:58:28.741 [main] INFO  org.testng.internal.Utils - [TestNG] Running:
  C:\Users\Pradeep\Desktop\JavaProgram\Opencartv1\grouping.xml

18:58:31.644 [main] INFO  testCases.TC002_LoginTest - **********Starting TC_002_LoginTest *********
18:58:33.335 [main] INFO  testCases.TC002_LoginTest - **********Finish TC_002_LoginTest *********
19:00:53.182 [main] DEBUG org.testng.TestNG - suiteXmlPath: "C:\Users\Pradeep\Desktop\JavaProgram\Opencartv1\grouping.xml"
19:00:53.553 [main] INFO  org.testng.internal.Utils - [TestNG] Running:
  C:\Users\Pradeep\Desktop\JavaProgram\Opencartv1\grouping.xml

19:00:56.949 [main] INFO  testCases.TC001_AccountRegistrationTest - ***** Starting TC001_AccountRegistrationTest *****
19:00:57.041 [main] INFO  testCases.TC001_AccountRegistrationTest - ***** Clicked on MyAccount link *****
19:00:57.715 [main] INFO  testCases.TC001_AccountRegistrationTest - ***** Clicked on Register link *****
19:00:57.719 [main] INFO  testCases.TC001_AccountRegistrationTest - ***** Providing Customer Details *****
19:00:59.424 [main] INFO  testCases.TC001_AccountRegistrationTest - ***** Validatin Expected Message *****
19:00:59.469 [main] INFO  testCases.TC001_AccountRegistrationTest - ***** Finished TC001_AccountRegistrationTest *****
19:01:51.049 [main] DEBUG org.testng.TestNG - suiteXmlPath: "C:\Users\Pradeep\Desktop\JavaProgram\Opencartv1\master.xml"
19:01:51.242 [main] INFO  org.testng.internal.Utils - [TestNG] Running:
  C:\Users\Pradeep\Desktop\JavaProgram\Opencartv1\master.xml

19:01:54.821 [main] DEBUG org.apache.poi.openxml4j.opc.PackageRelationshipCollection - Parsing relationship: /xl/_rels/workbook.xml.rels
19:01:54.826 [main] DEBUG org.apache.poi.openxml4j.opc.PackageRelationshipCollection - Parsing relationship: /xl/worksheets/_rels/sheet1.xml.rels
19:01:54.830 [main] DEBUG org.apache.poi.openxml4j.opc.PackageRelationshipCollection - Parsing relationship: /_rels/.rels
19:01:55.775 [main] DEBUG org.apache.poi.openxml4j.opc.PackageRelationshipCollection - Parsing relationship: /xl/_rels/workbook.xml.rels
19:01:55.777 [main] DEBUG org.apache.poi.openxml4j.opc.PackageRelationshipCollection - Parsing relationship: /xl/worksheets/_rels/sheet1.xml.rels
19:01:55.780 [main] DEBUG org.apache.poi.openxml4j.opc.PackageRelationshipCollection - Parsing relationship: /_rels/.rels
19:01:55.838 [main] DEBUG org.apache.poi.openxml4j.opc.PackageRelationshipCollection - Parsing relationship: /xl/_rels/workbook.xml.rels
19:01:55.839 [main] DEBUG org.apache.poi.openxml4j.opc.PackageRelationshipCollection - Parsing relationship: /xl/worksheets/_rels/sheet1.xml.rels
19:01:55.841 [main] DEBUG org.apache.poi.openxml4j.opc.PackageRelationshipCollection - Parsing relationship: /_rels/.rels
19:01:55.897 [main] DEBUG org.apache.poi.openxml4j.opc.PackageRelationshipCollection - Parsing relationship: /xl/_rels/workbook.xml.rels
19:01:55.899 [main] DEBUG org.apache.poi.openxml4j.opc.PackageRelationshipCollection - Parsing relationship: /xl/worksheets/_rels/sheet1.xml.rels
19:01:55.901 [main] DEBUG org.apache.poi.openxml4j.opc.PackageRelationshipCollection - Parsing relationship: /_rels/.rels
19:01:55.953 [main] DEBUG org.apache.poi.openxml4j.opc.PackageRelationshipCollection - Parsing relationship: /xl/_rels/workbook.xml.rels
19:01:55.955 [main] DEBUG org.apache.poi.openxml4j.opc.PackageRelationshipCollection - Parsing relationship: /xl/worksheets/_rels/sheet1.xml.rels
19:01:55.956 [main] DEBUG org.apache.poi.openxml4j.opc.PackageRelationshipCollection - Parsing relationship: /_rels/.rels
19:01:56.012 [main] DEBUG org.apache.poi.openxml4j.opc.PackageRelationshipCollection - Parsing relationship: /xl/_rels/workbook.xml.rels
19:01:56.014 [main] DEBUG org.apache.poi.openxml4j.opc.PackageRelationshipCollection - Parsing relationship: /xl/worksheets/_rels/sheet1.xml.rels
19:01:56.016 [main] DEBUG org.apache.poi.openxml4j.opc.PackageRelationshipCollection - Parsing relationship: /_rels/.rels
19:01:56.060 [main] DEBUG org.apache.poi.openxml4j.opc.PackageRelationshipCollection - Parsing relationship: /xl/_rels/workbook.xml.rels
19:01:56.062 [main] DEBUG org.apache.poi.openxml4j.opc.PackageRelationshipCollection - Parsing relationship: /xl/worksheets/_rels/sheet1.xml.rels
19:01:56.063 [main] DEBUG org.apache.poi.openxml4j.opc.PackageRelationshipCollection - Parsing relationship: /_rels/.rels
19:01:56.099 [main] DEBUG org.apache.poi.openxml4j.opc.PackageRelationshipCollection - Parsing relationship: /xl/_rels/workbook.xml.rels
19:01:56.100 [main] DEBUG org.apache.poi.openxml4j.opc.PackageRelationshipCollection - Parsing relationship: /xl/worksheets/_rels/sheet1.xml.rels
19:01:56.102 [main] DEBUG org.apache.poi.openxml4j.opc.PackageRelationshipCollection - Parsing relationship: /_rels/.rels
19:01:56.149 [main] DEBUG org.apache.poi.openxml4j.opc.PackageRelationshipCollection - Parsing relationship: /xl/_rels/workbook.xml.rels
19:01:56.150 [main] DEBUG org.apache.poi.openxml4j.opc.PackageRelationshipCollection - Parsing relationship: /xl/worksheets/_rels/sheet1.xml.rels
19:01:56.151 [main] DEBUG org.apache.poi.openxml4j.opc.PackageRelationshipCollection - Parsing relationship: /_rels/.rels
19:01:56.193 [main] DEBUG org.apache.poi.openxml4j.opc.PackageRelationshipCollection - Parsing relationship: /xl/_rels/workbook.xml.rels
19:01:56.195 [main] DEBUG org.apache.poi.openxml4j.opc.PackageRelationshipCollection - Parsing relationship: /xl/worksheets/_rels/sheet1.xml.rels
19:01:56.197 [main] DEBUG org.apache.poi.openxml4j.opc.PackageRelationshipCollection - Parsing relationship: /_rels/.rels
19:01:56.237 [main] DEBUG org.apache.poi.openxml4j.opc.PackageRelationshipCollection - Parsing relationship: /xl/_rels/workbook.xml.rels
19:01:56.238 [main] DEBUG org.apache.poi.openxml4j.opc.PackageRelationshipCollection - Parsing relationship: /xl/worksheets/_rels/sheet1.xml.rels
19:01:56.240 [main] DEBUG org.apache.poi.openxml4j.opc.PackageRelationshipCollection - Parsing relationship: /_rels/.rels
19:01:56.277 [main] DEBUG org.apache.poi.openxml4j.opc.PackageRelationshipCollection - Parsing relationship: /xl/_rels/workbook.xml.rels
19:01:56.278 [main] DEBUG org.apache.poi.openxml4j.opc.PackageRelationshipCollection - Parsing relationship: /xl/worksheets/_rels/sheet1.xml.rels
19:01:56.280 [main] DEBUG org.apache.poi.openxml4j.opc.PackageRelationshipCollection - Parsing relationship: /_rels/.rels
19:01:56.319 [main] DEBUG org.apache.poi.openxml4j.opc.PackageRelationshipCollection - Parsing relationship: /xl/_rels/workbook.xml.rels
19:01:56.320 [main] DEBUG org.apache.poi.openxml4j.opc.PackageRelationshipCollection - Parsing relationship: /xl/worksheets/_rels/sheet1.xml.rels
19:01:56.322 [main] DEBUG org.apache.poi.openxml4j.opc.PackageRelationshipCollection - Parsing relationship: /_rels/.rels
19:01:56.365 [main] DEBUG org.apache.poi.openxml4j.opc.PackageRelationshipCollection - Parsing relationship: /xl/_rels/workbook.xml.rels
19:01:56.367 [main] DEBUG org.apache.poi.openxml4j.opc.PackageRelationshipCollection - Parsing relationship: /xl/worksheets/_rels/sheet1.xml.rels
19:01:56.368 [main] DEBUG org.apache.poi.openxml4j.opc.PackageRelationshipCollection - Parsing relationship: /_rels/.rels
19:01:56.406 [main] DEBUG org.apache.poi.openxml4j.opc.PackageRelationshipCollection - Parsing relationship: /xl/_rels/workbook.xml.rels
19:01:56.408 [main] DEBUG org.apache.poi.openxml4j.opc.PackageRelationshipCollection - Parsing relationship: /xl/worksheets/_rels/sheet1.xml.rels
19:01:56.409 [main] DEBUG org.apache.poi.openxml4j.opc.PackageRelationshipCollection - Parsing relationship: /_rels/.rels
19:01:56.445 [main] DEBUG org.apache.poi.openxml4j.opc.PackageRelationshipCollection - Parsing relationship: /xl/_rels/workbook.xml.rels
19:01:56.447 [main] DEBUG org.apache.poi.openxml4j.opc.PackageRelationshipCollection - Parsing relationship: /xl/worksheets/_rels/sheet1.xml.rels
19:01:56.448 [main] DEBUG org.apache.poi.openxml4j.opc.PackageRelationshipCollection - Parsing relationship: /_rels/.rels
19:01:56.485 [main] DEBUG org.apache.poi.openxml4j.opc.PackageRelationshipCollection - Parsing relationship: /xl/_rels/workbook.xml.rels
19:01:56.486 [main] DEBUG org.apache.poi.openxml4j.opc.PackageRelationshipCollection - Parsing relationship: /xl/worksheets/_rels/sheet1.xml.rels
19:01:56.487 [main] DEBUG org.apache.poi.openxml4j.opc.PackageRelationshipCollection - Parsing relationship: /_rels/.rels
19:01:56.544 [main] INFO  testCases.TC003_LoginDDT - **********Starting TC_002_LoginTest *********
19:02:01.968 [main] INFO  testCases.TC003_LoginDDT - **********Finish TC_002_LoginTest *********
19:02:01.976 [main] INFO  testCases.TC003_LoginDDT - **********Starting TC_002_LoginTest *********
19:02:16.287 [main] INFO  testCases.TC003_LoginDDT - **********Finish TC_002_LoginTest *********
19:02:16.292 [main] INFO  testCases.TC003_LoginDDT - **********Starting TC_002_LoginTest *********
19:02:30.485 [main] INFO  testCases.TC003_LoginDDT - **********Finish TC_002_LoginTest *********
19:02:30.489 [main] INFO  testCases.TC003_LoginDDT - **********Starting TC_002_LoginTest *********
19:02:45.321 [main] INFO  testCases.TC003_LoginDDT - **********Finish TC_002_LoginTest *********
19:02:45.324 [main] INFO  testCases.TC003_LoginDDT - **********Starting TC_002_LoginTest *********
19:02:50.970 [main] INFO  testCases.TC003_LoginDDT - **********Finish TC_002_LoginTest *********
19:04:35.931 [main] DEBUG org.testng.TestNG - suiteXmlPath: "C:\Users\Pradeep\Desktop\JavaProgram\Opencartv1\master.xml"
19:04:36.150 [main] INFO  org.testng.internal.Utils - [TestNG] Running:
  C:\Users\Pradeep\Desktop\JavaProgram\Opencartv1\master.xml

19:04:39.614 [main] INFO  testCases.TC001_AccountRegistrationTest - ***** Starting TC001_AccountRegistrationTest *****
19:04:39.778 [main] INFO  testCases.TC001_AccountRegistrationTest - ***** Clicked on MyAccount link *****
19:04:40.710 [main] INFO  testCases.TC001_AccountRegistrationTest - ***** Clicked on Register link *****
19:04:40.715 [main] INFO  testCases.TC001_AccountRegistrationTest - ***** Providing Customer Details *****
19:04:42.353 [main] INFO  testCases.TC001_AccountRegistrationTest - ***** Validatin Expected Message *****
19:04:42.402 [main] INFO  testCases.TC001_AccountRegistrationTest - ***** Finished TC001_AccountRegistrationTest *****
19:04:45.404 [main] INFO  testCases.TC002_LoginTest - **********Starting TC_002_LoginTest *********
19:04:46.896 [main] INFO  testCases.TC002_LoginTest - **********Finish TC_002_LoginTest *********
19:09:16.142 [main] DEBUG org.testng.TestNG - suiteXmlPath: "C:\Users\Pradeep\Desktop\JavaProgram\Opencartv1\master.xml"
19:09:16.356 [main] INFO  org.testng.internal.Utils - [TestNG] Running:
  C:\Users\Pradeep\Desktop\JavaProgram\Opencartv1\master.xml

19:09:20.212 [main] INFO  testCases.TC001_AccountRegistrationTest - ***** Starting TC001_AccountRegistrationTest *****
19:09:20.330 [main] INFO  testCases.TC001_AccountRegistrationTest - ***** Clicked on MyAccount link *****
19:09:21.591 [main] INFO  testCases.TC001_AccountRegistrationTest - ***** Clicked on Register link *****
19:09:21.594 [main] INFO  testCases.TC001_AccountRegistrationTest - ***** Providing Customer Details *****
19:09:23.648 [main] INFO  testCases.TC001_AccountRegistrationTest - ***** Validatin Expected Message *****
19:09:23.698 [main] INFO  testCases.TC001_AccountRegistrationTest - ***** Finished TC001_AccountRegistrationTest *****
19:09:26.795 [main] INFO  testCases.TC002_LoginTest - **********Starting TC_002_LoginTest *********
19:09:28.302 [main] INFO  testCases.TC002_LoginTest - **********Finish TC_002_LoginTest *********
19:10:06.649 [main] DEBUG org.testng.TestNG - suiteXmlPath: "C:\Users\Pradeep\Desktop\JavaProgram\Opencartv1\master.xml"
19:10:06.881 [main] INFO  org.testng.internal.Utils - [TestNG] Running:
  C:\Users\Pradeep\Desktop\JavaProgram\Opencartv1\master.xml

19:10:10.344 [main] INFO  testCases.TC001_AccountRegistrationTest - ***** Starting TC001_AccountRegistrationTest *****
19:10:10.433 [main] INFO  testCases.TC001_AccountRegistrationTest - ***** Clicked on MyAccount link *****
19:10:11.073 [main] INFO  testCases.TC001_AccountRegistrationTest - ***** Clicked on Register link *****
19:10:11.076 [main] INFO  testCases.TC001_AccountRegistrationTest - ***** Providing Customer Details *****
19:10:12.711 [main] INFO  testCases.TC001_AccountRegistrationTest - ***** Validatin Expected Message *****
19:10:12.754 [main] INFO  testCases.TC001_AccountRegistrationTest - ***** Finished TC001_AccountRegistrationTest *****
19:10:16.071 [main] INFO  testCases.TC002_LoginTest - **********Starting TC_002_LoginTest *********
19:10:17.960 [main] INFO  testCases.TC002_LoginTest - **********Finish TC_002_LoginTest *********
19:11:01.674 [main] INFO  org.testng.internal.Utils - [TestNG] Running:
  C:\Users\Pradeep\Desktop\JavaProgram\Opencartv1\master.xml

19:11:05.034 [main] INFO  testCases.TC001_AccountRegistrationTest - ***** Starting TC001_AccountRegistrationTest *****
19:11:05.137 [main] INFO  testCases.TC001_AccountRegistrationTest - ***** Clicked on MyAccount link *****
19:11:06.045 [main] INFO  testCases.TC001_AccountRegistrationTest - ***** Clicked on Register link *****
19:11:06.049 [main] INFO  testCases.TC001_AccountRegistrationTest - ***** Providing Customer Details *****
19:11:07.845 [main] INFO  testCases.TC001_AccountRegistrationTest - ***** Validatin Expected Message *****
19:11:07.892 [main] INFO  testCases.TC001_AccountRegistrationTest - ***** Finished TC001_AccountRegistrationTest *****
19:11:11.043 [main] INFO  testCases.TC002_LoginTest - **********Starting TC_002_LoginTest *********
19:11:12.645 [main] INFO  testCases.TC002_LoginTest - **********Finish TC_002_LoginTest *********
19:11:35.726 [main] INFO  org.testng.internal.Utils - [TestNG] Running:
  C:\Users\Pradeep\Desktop\JavaProgram\Opencartv1\master.xml

19:11:38.729 [main] INFO  testCases.TC001_AccountRegistrationTest - ***** Starting TC001_AccountRegistrationTest *****
19:11:38.821 [main] INFO  testCases.TC001_AccountRegistrationTest - ***** Clicked on MyAccount link *****
19:11:39.448 [main] INFO  testCases.TC001_AccountRegistrationTest - ***** Clicked on Register link *****
19:11:39.451 [main] INFO  testCases.TC001_AccountRegistrationTest - ***** Providing Customer Details *****
19:11:41.103 [main] INFO  testCases.TC001_AccountRegistrationTest - ***** Validatin Expected Message *****
19:11:41.159 [main] INFO  testCases.TC001_AccountRegistrationTest - ***** Finished TC001_AccountRegistrationTest *****
19:11:44.239 [main] INFO  testCases.TC002_LoginTest - **********Starting TC_002_LoginTest *********
19:11:45.830 [main] INFO  testCases.TC002_LoginTest - **********Finish TC_002_LoginTest *********
08:38:41.780 [main] INFO  org.testng.internal.Utils - [TestNG] Running:
  C:\Users\Pradeep\Desktop\JavaProgram\Opencartv1\master.xml

08:38:45.873 [main] INFO  testCases.TC001_AccountRegistrationTest - ***** Starting TC001_AccountRegistrationTest *****
08:38:45.951 [main] INFO  testCases.TC001_AccountRegistrationTest - ***** Clicked on MyAccount link *****
08:38:46.698 [main] INFO  testCases.TC001_AccountRegistrationTest - ***** Clicked on Register link *****
08:38:46.701 [main] INFO  testCases.TC001_AccountRegistrationTest - ***** Providing Customer Details *****
08:38:47.840 [main] INFO  testCases.TC001_AccountRegistrationTest - ***** Validatin Expected Message *****
08:38:47.871 [main] INFO  testCases.TC001_AccountRegistrationTest - ***** Finished TC001_AccountRegistrationTest *****
08:38:50.893 [main] INFO  testCases.TC002_LoginTest - **********Starting TC_002_LoginTest *********
08:38:52.285 [main] INFO  testCases.TC002_LoginTest - **********Finish TC_002_LoginTest *********
08:39:19.994 [main] INFO  org.testng.internal.Utils - [TestNG] Running:
  C:\Users\Pradeep\Desktop\JavaProgram\Opencartv1\master.xml

08:39:24.451 [main] INFO  testCases.TC001_AccountRegistrationTest - ***** Starting TC001_AccountRegistrationTest *****
08:39:24.621 [main] INFO  testCases.TC001_AccountRegistrationTest - ***** Clicked on MyAccount link *****
08:39:25.717 [main] INFO  testCases.TC001_AccountRegistrationTest - ***** Clicked on Register link *****
08:39:25.722 [main] INFO  testCases.TC001_AccountRegistrationTest - ***** Providing Customer Details *****
08:39:27.155 [main] INFO  testCases.TC001_AccountRegistrationTest - ***** Validatin Expected Message *****
08:39:27.201 [main] INFO  testCases.TC001_AccountRegistrationTest - ***** Finished TC001_AccountRegistrationTest *****
08:39:31.620 [main] INFO  testCases.TC002_LoginTest - **********Starting TC_002_LoginTest *********
08:39:32.969 [main] INFO  testCases.TC002_LoginTest - **********Finish TC_002_LoginTest *********
08:42:11.280 [main] INFO  org.testng.internal.Utils - [TestNG] Running:
  C:\Users\Pradeep\Desktop\JavaProgram\Opencartv1\grouping.xml

08:42:14.398 [main] INFO  testCases.TC001_AccountRegistrationTest - ***** Starting TC001_AccountRegistrationTest *****
08:42:14.473 [main] INFO  testCases.TC001_AccountRegistrationTest - ***** Clicked on MyAccount link *****
08:42:15.271 [main] INFO  testCases.TC001_AccountRegistrationTest - ***** Clicked on Register link *****
08:42:15.273 [main] INFO  testCases.TC001_AccountRegistrationTest - ***** Providing Customer Details *****
08:42:16.424 [main] INFO  testCases.TC001_AccountRegistrationTest - ***** Validatin Expected Message *****
08:42:16.453 [main] INFO  testCases.TC001_AccountRegistrationTest - ***** Finished TC001_AccountRegistrationTest *****
08:42:47.775 [main] INFO  org.testng.internal.Utils - [TestNG] Running:
  C:\Users\Pradeep\Desktop\JavaProgram\Opencartv1\grouping.xml

08:42:50.973 [main] INFO  testCases.TC002_LoginTest - **********Starting TC_002_LoginTest *********
08:42:52.222 [main] INFO  testCases.TC002_LoginTest - **********Finish TC_002_LoginTest *********
17:25:14.077 [main] INFO  org.testng.internal.Utils - [TestNG] Running:
  C:\Users\Pradeep\Desktop\JavaProgram\Opencartv1\grouping.xml

17:25:21.710 [main] INFO  testCases.TC001_AccountRegistrationTest - ***** Starting TC001_AccountRegistrationTest *****
17:25:21.812 [main] INFO  testCases.TC001_AccountRegistrationTest - ***** Clicked on MyAccount link *****
17:25:22.809 [main] INFO  testCases.TC001_AccountRegistrationTest - ***** Clicked on Register link *****
17:25:22.814 [main] INFO  testCases.TC001_AccountRegistrationTest - ***** Providing Customer Details *****
17:25:24.022 [main] INFO  testCases.TC001_AccountRegistrationTest - ***** Validatin Expected Message *****
17:25:24.061 [main] INFO  testCases.TC001_AccountRegistrationTest - ***** Finished TC001_AccountRegistrationTest *****
17:25:26.849 [main] INFO  testCases.TC002_LoginTest - **********Starting TC_002_LoginTest *********
17:25:29.078 [main] INFO  testCases.TC002_LoginTest - **********Finish TC_002_LoginTest *********
17:25:58.104 [main] INFO  org.testng.internal.Utils - [TestNG] Running:
  C:\Users\Pradeep\Desktop\JavaProgram\Opencartv1\grouping.xml

17:26:03.705 [main] INFO  testCases.TC001_AccountRegistrationTest - ***** Starting TC001_AccountRegistrationTest *****
17:26:03.832 [main] INFO  testCases.TC001_AccountRegistrationTest - ***** Clicked on MyAccount link *****
17:26:05.188 [main] INFO  testCases.TC001_AccountRegistrationTest - ***** Clicked on Register link *****
17:26:05.192 [main] INFO  testCases.TC001_AccountRegistrationTest - ***** Providing Customer Details *****
17:26:06.615 [main] INFO  testCases.TC001_AccountRegistrationTest - ***** Validatin Expected Message *****
17:26:06.660 [main] INFO  testCases.TC001_AccountRegistrationTest - ***** Finished TC001_AccountRegistrationTest *****
17:26:09.465 [main] INFO  testCases.TC002_LoginTest - **********Starting TC_002_LoginTest *********
17:26:10.953 [main] INFO  testCases.TC002_LoginTest - **********Finish TC_002_LoginTest *********
17:26:29.437 [main] INFO  org.testng.internal.Utils - [TestNG] Running:
  C:\Users\Pradeep\Desktop\JavaProgram\Opencartv1\master.xml

17:26:32.935 [main] INFO  testCases.TC001_AccountRegistrationTest - ***** Starting TC001_AccountRegistrationTest *****
17:26:33.087 [main] INFO  testCases.TC001_AccountRegistrationTest - ***** Clicked on MyAccount link *****
17:26:33.789 [main] INFO  testCases.TC001_AccountRegistrationTest - ***** Clicked on Register link *****
17:26:33.793 [main] INFO  testCases.TC001_AccountRegistrationTest - ***** Providing Customer Details *****
17:26:35.458 [main] INFO  testCases.TC001_AccountRegistrationTest - ***** Validatin Expected Message *****
17:26:35.503 [main] INFO  testCases.TC001_AccountRegistrationTest - ***** Finished TC001_AccountRegistrationTest *****
17:26:39.475 [main] INFO  testCases.TC002_LoginTest - **********Starting TC_002_LoginTest *********
17:26:40.958 [main] INFO  testCases.TC002_LoginTest - **********Finish TC_002_LoginTest *********
17:28:19.663 [main] INFO  org.testng.internal.Utils - [TestNG] Running:
  C:\Users\Pradeep\Desktop\JavaProgram\Opencartv1\master.xml

17:28:23.191 [main] INFO  testCases.TC001_AccountRegistrationTest - ***** Starting TC001_AccountRegistrationTest *****
17:28:23.298 [main] INFO  testCases.TC001_AccountRegistrationTest - ***** Clicked on MyAccount link *****
17:28:24.144 [main] INFO  testCases.TC001_AccountRegistrationTest - ***** Clicked on Register link *****
17:28:24.147 [main] INFO  testCases.TC001_AccountRegistrationTest - ***** Providing Customer Details *****
17:28:25.778 [main] INFO  testCases.TC001_AccountRegistrationTest - ***** Validatin Expected Message *****
17:28:25.819 [main] INFO  testCases.TC001_AccountRegistrationTest - ***** Finished TC001_AccountRegistrationTest *****
17:28:28.879 [main] INFO  testCases.TC002_LoginTest - **********Starting TC_002_LoginTest *********
17:28:30.903 [main] INFO  testCases.TC002_LoginTest - **********Finish TC_002_LoginTest *********
17:33:57.141 [main] INFO  org.testng.internal.Utils - [Utils] MethodGroupsHelper.collectMethodsByGroup() took 0 ms.
17:33:57.147 [main] INFO  org.testng.internal.Utils - [Utils] MethodGroupsHelper.sortMethods() took 1 ms.
17:33:57.150 [main] INFO  org.testng.internal.Utils - [Utils] MethodGroupsHelper.collectMethodsByGroup() took 0 ms.
17:33:57.150 [main] INFO  org.testng.internal.Utils - [Utils] MethodGroupsHelper.sortMethods() took 0 ms.
17:33:57.151 [main] INFO  org.testng.internal.Utils - [Utils] MethodGroupsHelper.collectMethodsByGroup() took 0 ms.
17:33:57.151 [main] INFO  org.testng.internal.Utils - [Utils] MethodGroupsHelper.sortMethods() took 0 ms.
17:33:57.152 [main] INFO  org.testng.internal.Utils - [Utils] MethodGroupsHelper.collectMethodsByGroup() took 0 ms.
17:33:57.152 [main] INFO  org.testng.internal.Utils - [Utils] MethodGroupsHelper.sortMethods() took 0 ms.
17:33:57.159 [main] INFO  org.testng.internal.Utils - [Utils] MethodGroupsHelper.collectMethodsByGroup() took 4 ms.
17:33:57.168 [main] INFO  org.testng.internal.Utils - [Utils] MethodGroupsHelper.sortMethods() took 8 ms.
17:33:57.169 [main] INFO  org.testng.internal.Utils - [Utils] MethodGroupsHelper.collectMethodsByGroup() took 0 ms.
17:33:57.170 [main] INFO  org.testng.internal.Utils - [Utils] MethodGroupsHelper.sortMethods() took 1 ms.
17:33:57.171 [main] INFO  org.testng.internal.Utils - [Utils] MethodGroupsHelper.collectMethodsByGroup() took 0 ms.
17:33:57.171 [main] INFO  org.testng.internal.Utils - [Utils] MethodGroupsHelper.sortMethods() took 0 ms.
17:33:57.172 [main] INFO  org.testng.internal.Utils - [Utils] MethodGroupsHelper.collectMethodsByGroup() took 0 ms.
17:33:57.172 [main] INFO  org.testng.internal.Utils - [Utils] MethodGroupsHelper.sortMethods() took 0 ms.
17:33:57.173 [main] INFO  org.testng.internal.Utils - [Utils] MethodGroupsHelper.collectMethodsByGroup() took 0 ms.
17:33:57.174 [main] INFO  org.testng.internal.Utils - [Utils] MethodGroupsHelper.sortMethods() took 0 ms.
17:33:57.174 [main] INFO  org.testng.internal.Utils - [Utils] MethodGroupsHelper.collectMethodsByGroup() took 0 ms.
17:33:57.175 [main] INFO  org.testng.internal.Utils - [Utils] MethodGroupsHelper.sortMethods() took 1 ms.
17:33:57.177 [main] INFO  org.testng.internal.Utils - [Utils] MethodGroupsHelper.collectMethodsByGroup() took 0 ms.
17:33:57.177 [main] INFO  org.testng.internal.Utils - [Utils] MethodGroupsHelper.sortMethods() took 0 ms.
17:33:57.177 [main] INFO  org.testng.internal.Utils - [Utils] MethodGroupsHelper.collectMethodsByGroup() took 0 ms.
17:33:57.177 [main] INFO  org.testng.internal.Utils - [Utils] MethodGroupsHelper.sortMethods() took 0 ms.
17:33:57.178 [main] INFO  org.testng.internal.Utils - [Utils] MethodGroupsHelper.collectMethodsByGroup() took 0 ms.
