16:53:15.067 [main] DEBUG org.testng.TestNG - suiteXmlPath: "C:\Users\Pradeep\AppData\Local\Temp\testng-eclipse--556489562\testng-customsuite.xml"
16:53:15.239 [main] INFO  org.testng.internal.Utils - [Utils] MethodGroupsHelper.collectMethodsByGroup() took 1 ms.
16:53:15.242 [main] INFO  org.testng.internal.Utils - [Utils] MethodGroupsHelper.sortMethods() took 1 ms.
16:53:15.243 [main] INFO  org.testng.internal.Utils - [Utils] MethodGroupsHelper.collectMethodsByGroup() took 0 ms.
16:53:15.244 [main] INFO  org.testng.internal.Utils - [Utils] MethodGroupsHelper.sortMethods() took 0 ms.
16:53:15.244 [main] INFO  org.testng.internal.Utils - [Utils] MethodGroupsHelper.collectMethodsByGroup() took 0 ms.
16:53:15.255 [main] INFO  org.testng.internal.Utils - [Utils] MethodGroupsHelper.sortMethods() took 0 ms.
16:53:15.256 [main] INFO  org.testng.internal.Utils - [Utils] MethodGroupsHelper.collectMethodsByGroup() took 0 ms.
16:53:15.256 [main] INFO  org.testng.internal.Utils - [Utils] MethodGroupsHelper.sortMethods() took 0 ms.
16:53:15.261 [main] INFO  org.testng.internal.Utils - [Utils] MethodGroupsHelper.collectMethodsByGroup() took 4 ms.
16:53:15.269 [main] INFO  org.testng.internal.Utils - [Utils] MethodGroupsHelper.sortMethods() took 7 ms.
16:53:15.270 [main] INFO  org.testng.internal.Utils - [Utils] MethodGroupsHelper.collectMethodsByGroup() took 0 ms.
16:53:15.270 [main] INFO  org.testng.internal.Utils - [Utils] MethodGroupsHelper.sortMethods() took 0 ms.
16:53:15.271 [main] INFO  org.testng.internal.Utils - [Utils] MethodGroupsHelper.collectMethodsByGroup() took 0 ms.
16:53:15.271 [main] INFO  org.testng.internal.Utils - [Utils] MethodGroupsHelper.sortMethods() took 0 ms.
16:53:15.271 [main] INFO  org.testng.internal.Utils - [Utils] MethodGroupsHelper.collectMethodsByGroup() took 0 ms.
16:53:15.271 [main] INFO  org.testng.internal.Utils - [Utils] MethodGroupsHelper.sortMethods() took 0 ms.
16:53:15.272 [main] INFO  org.testng.internal.Utils - [Utils] MethodGroupsHelper.collectMethodsByGroup() took 0 ms.
16:53:15.272 [main] INFO  org.testng.internal.Utils - [Utils] MethodGroupsHelper.sortMethods() took 0 ms.
16:53:15.273 [main] INFO  org.testng.internal.Utils - [Utils] MethodGroupsHelper.collectMethodsByGroup() took 0 ms.
16:53:15.273 [main] INFO  org.testng.internal.Utils - [Utils] MethodGroupsHelper.sortMethods() took 0 ms.
16:53:15.275 [main] INFO  org.testng.internal.Utils - [Utils] MethodGroupsHelper.collectMethodsByGroup() took 0 ms.
16:53:15.275 [main] INFO  org.testng.internal.Utils - [Utils] MethodGroupsHelper.sortMethods() took 0 ms.
16:53:15.275 [main] INFO  org.testng.internal.Utils - [Utils] MethodGroupsHelper.collectMethodsByGroup() took 0 ms.
16:53:15.275 [main] INFO  org.testng.internal.Utils - [Utils] MethodGroupsHelper.sortMethods() took 0 ms.
16:53:15.276 [main] INFO  org.testng.internal.Utils - [Utils] MethodGroupsHelper.collectMethodsByGroup() took 0 ms.
16:53:15.277 [main] INFO  org.testng.internal.Utils - [Utils] MethodGroupsHelper.sortMethods() took 0 ms.
16:53:15.278 [main] INFO  org.testng.internal.Utils - [Utils] MethodGroupsHelper.collectMethodsByGroup() took 0 ms.
16:53:15.278 [main] INFO  org.testng.internal.Utils - [Utils] MethodGroupsHelper.sortMethods() took 0 ms.
16:53:15.279 [main] INFO  org.testng.internal.Utils - [Utils] MethodGroupsHelper.collectMethodsByGroup() took 0 ms.
16:53:15.279 [main] INFO  org.testng.internal.Utils - [Utils] MethodGroupsHelper.sortMethods() took 0 ms.
16:53:15.287 [main] INFO  org.testng.internal.Utils - [TestNG] Running:
  C:\Users\Pradeep\AppData\Local\Temp\testng-eclipse--556489562\testng-customsuite.xml

16:53:15.305 [main] INFO  org.testng.internal.Utils - [Utils] DynamicGraphHelper.createDynamicGraph() took 3 ms.
16:53:18.033 [main] INFO  testCases.TC001_AccountRegistrationTest - ***** Starting TC001_AccountRegistrationTest *****
16:53:18.121 [main] INFO  testCases.TC001_AccountRegistrationTest - ***** Clicked on MyAccount link *****
16:53:18.546 [main] INFO  testCases.TC001_AccountRegistrationTest - ***** Clicked on Register link *****
16:53:18.551 [main] INFO  testCases.TC001_AccountRegistrationTest - ***** Providing Customer Details *****
16:53:19.715 [main] INFO  testCases.TC001_AccountRegistrationTest - ***** Validatin Expected Message *****
16:53:19.759 [main] INFO  testCases.TC001_AccountRegistrationTest - ***** Finished TC001_AccountRegistrationTest *****
16:53:19.982 [main] INFO  org.testng.internal.Utils - [TestNG] Time taken by org.testng.reporters.jq.Main@67440de6: 41 ms
16:53:19.983 [main] INFO  org.testng.internal.Utils - [TestNG] Time taken by org.testng.reporters.FailedReporter@889d9e8: 0 ms
16:53:19.988 [main] INFO  org.testng.internal.Utils - [TestNG] Time taken by org.testng.reporters.XMLReporter@460510aa: 5 ms
16:53:19.991 [main] INFO  org.testng.internal.Utils - [TestNG] Time taken by org.testng.reporters.EmailableReporter2@557286ad: 3 ms
16:53:19.995 [main] INFO  org.testng.internal.Utils - [TestNG] Time taken by org.testng.reporters.JUnitReportReporter@bc0f53b: 4 ms
16:53:19.996 [main] INFO  org.testng.internal.Utils - [TestNG] Time taken by org.testng.internal.ExitCodeListener@8d7b252: 0 ms
16:53:56.182 [main] DEBUG org.testng.TestNG - suiteXmlPath: "C:\Users\Pradeep\AppData\Local\Temp\testng-eclipse--600088781\testng-customsuite.xml"
16:53:56.338 [main] INFO  org.testng.internal.Utils - [Utils] MethodGroupsHelper.collectMethodsByGroup() took 0 ms.
16:53:56.341 [main] INFO  org.testng.internal.Utils - [Utils] MethodGroupsHelper.sortMethods() took 1 ms.
16:53:56.342 [main] INFO  org.testng.internal.Utils - [Utils] MethodGroupsHelper.collectMethodsByGroup() took 0 ms.
16:53:56.342 [main] INFO  org.testng.internal.Utils - [Utils] MethodGroupsHelper.sortMethods() took 0 ms.
16:53:56.343 [main] INFO  org.testng.internal.Utils - [Utils] MethodGroupsHelper.collectMethodsByGroup() took 0 ms.
16:53:56.343 [main] INFO  org.testng.internal.Utils - [Utils] MethodGroupsHelper.sortMethods() took 0 ms.
16:53:56.343 [main] INFO  org.testng.internal.Utils - [Utils] MethodGroupsHelper.collectMethodsByGroup() took 0 ms.
16:53:56.343 [main] INFO  org.testng.internal.Utils - [Utils] MethodGroupsHelper.sortMethods() took 0 ms.
16:53:56.347 [main] INFO  org.testng.internal.Utils - [Utils] MethodGroupsHelper.collectMethodsByGroup() took 2 ms.
16:53:56.354 [main] INFO  org.testng.internal.Utils - [Utils] MethodGroupsHelper.sortMethods() took 4 ms.
16:53:56.355 [main] INFO  org.testng.internal.Utils - [Utils] MethodGroupsHelper.collectMethodsByGroup() took 0 ms.
16:53:56.355 [main] INFO  org.testng.internal.Utils - [Utils] MethodGroupsHelper.sortMethods() took 0 ms.
16:53:56.356 [main] INFO  org.testng.internal.Utils - [Utils] MethodGroupsHelper.collectMethodsByGroup() took 0 ms.
16:53:56.356 [main] INFO  org.testng.internal.Utils - [Utils] MethodGroupsHelper.sortMethods() took 0 ms.
16:53:56.356 [main] INFO  org.testng.internal.Utils - [Utils] MethodGroupsHelper.collectMethodsByGroup() took 0 ms.
16:53:56.356 [main] INFO  org.testng.internal.Utils - [Utils] MethodGroupsHelper.sortMethods() took 0 ms.
16:53:56.357 [main] INFO  org.testng.internal.Utils - [Utils] MethodGroupsHelper.collectMethodsByGroup() took 0 ms.
16:53:56.357 [main] INFO  org.testng.internal.Utils - [Utils] MethodGroupsHelper.sortMethods() took 0 ms.
16:53:56.358 [main] INFO  org.testng.internal.Utils - [Utils] MethodGroupsHelper.collectMethodsByGroup() took 0 ms.
16:53:56.358 [main] INFO  org.testng.internal.Utils - [Utils] MethodGroupsHelper.sortMethods() took 0 ms.
16:53:56.359 [main] INFO  org.testng.internal.Utils - [Utils] MethodGroupsHelper.collectMethodsByGroup() took 0 ms.
16:53:56.359 [main] INFO  org.testng.internal.Utils - [Utils] MethodGroupsHelper.sortMethods() took 0 ms.
16:53:56.359 [main] INFO  org.testng.internal.Utils - [Utils] MethodGroupsHelper.collectMethodsByGroup() took 0 ms.
16:53:56.359 [main] INFO  org.testng.internal.Utils - [Utils] MethodGroupsHelper.sortMethods() took 0 ms.
16:53:56.360 [main] INFO  org.testng.internal.Utils - [Utils] MethodGroupsHelper.collectMethodsByGroup() took 0 ms.
16:53:56.360 [main] INFO  org.testng.internal.Utils - [Utils] MethodGroupsHelper.sortMethods() took 0 ms.
16:53:56.361 [main] INFO  org.testng.internal.Utils - [Utils] MethodGroupsHelper.collectMethodsByGroup() took 0 ms.
16:53:56.362 [main] INFO  org.testng.internal.Utils - [Utils] MethodGroupsHelper.sortMethods() took 0 ms.
16:53:56.362 [main] INFO  org.testng.internal.Utils - [Utils] MethodGroupsHelper.collectMethodsByGroup() took 0 ms.
16:53:56.362 [main] INFO  org.testng.internal.Utils - [Utils] MethodGroupsHelper.sortMethods() took 0 ms.
16:53:56.367 [main] INFO  org.testng.internal.Utils - [TestNG] Running:
  C:\Users\Pradeep\AppData\Local\Temp\testng-eclipse--600088781\testng-customsuite.xml

16:53:56.382 [main] INFO  org.testng.internal.Utils - [Utils] DynamicGraphHelper.createDynamicGraph() took 3 ms.
16:53:58.969 [main] INFO  testCases.TC001_AccountRegistrationTest - ***** Starting TC001_AccountRegistrationTest *****
16:53:59.076 [main] INFO  testCases.TC001_AccountRegistrationTest - ***** Clicked on MyAccount link *****
16:53:59.669 [main] INFO  testCases.TC001_AccountRegistrationTest - ***** Clicked on Register link *****
16:53:59.673 [main] INFO  testCases.TC001_AccountRegistrationTest - ***** Providing Customer Details *****
16:54:01.324 [main] INFO  testCases.TC001_AccountRegistrationTest - ***** Validatin Expected Message *****
16:54:01.368 [main] ERROR testCases.TC001_AccountRegistrationTest - Test Failed...
16:54:01.369 [main] DEBUG testCases.TC001_AccountRegistrationTest - Debug logs...
16:54:01.601 [main] INFO  org.testng.internal.Utils - [TestNG] Time taken by org.testng.reporters.jq.Main@7cf283e1: 38 ms
16:54:01.610 [main] INFO  org.testng.internal.Utils - [TestNG] Time taken by org.testng.reporters.FailedReporter@7a7d1b47: 9 ms
16:54:01.616 [main] INFO  org.testng.internal.Utils - [TestNG] Time taken by org.testng.reporters.XMLReporter@36f1046f: 6 ms
16:54:01.624 [main] INFO  org.testng.internal.Utils - [TestNG] Time taken by org.testng.reporters.EmailableReporter2@72e789cb: 8 ms
16:54:01.630 [main] INFO  org.testng.internal.Utils - [TestNG] Time taken by org.testng.reporters.JUnitReportReporter@67c119b7: 5 ms
16:54:01.630 [main] INFO  org.testng.internal.Utils - [TestNG] Time taken by org.testng.internal.ExitCodeListener@2ca5f1ed: 0 ms
12:11:27.429 [main] DEBUG org.testng.TestNG - suiteXmlPath: "C:\Users\Pradeep\Desktop\JavaProgram\Opencartv1\master.xml"
12:11:39.497 [main] DEBUG org.testng.TestNG - suiteXmlPath: "C:\Users\Pradeep\Desktop\JavaProgram\Opencartv1\master.xml"
12:12:21.633 [main] DEBUG org.testng.TestNG - suiteXmlPath: "C:\Users\Pradeep\Desktop\JavaProgram\Opencartv1\master.xml"
12:12:21.831 [main] INFO  org.testng.internal.Utils - [TestNG] Running:
  C:\Users\Pradeep\Desktop\JavaProgram\Opencartv1\master.xml

12:12:26.186 [main] INFO  testCases.TC001_AccountRegistrationTest - ***** Starting TC001_AccountRegistrationTest *****
12:12:26.316 [main] INFO  testCases.TC001_AccountRegistrationTest - ***** Clicked on MyAccount link *****
12:12:26.894 [main] INFO  testCases.TC001_AccountRegistrationTest - ***** Clicked on Register link *****
12:12:26.899 [main] INFO  testCases.TC001_AccountRegistrationTest - ***** Providing Customer Details *****
12:12:31.783 [main] INFO  testCases.TC001_AccountRegistrationTest - ***** Validatin Expected Message *****
12:12:31.830 [main] ERROR testCases.TC001_AccountRegistrationTest - Test Failed...
12:12:31.831 [main] DEBUG testCases.TC001_AccountRegistrationTest - Debug logs...
12:12:58.227 [main] DEBUG org.testng.TestNG - suiteXmlPath: "C:\Users\Pradeep\Desktop\JavaProgram\Opencartv1\master.xml"
12:12:58.416 [main] INFO  org.testng.internal.Utils - [TestNG] Running:
  C:\Users\Pradeep\Desktop\JavaProgram\Opencartv1\master.xml

12:13:00.552 [main] INFO  testCases.TC001_AccountRegistrationTest - ***** Starting TC001_AccountRegistrationTest *****
12:13:00.657 [main] INFO  testCases.TC001_AccountRegistrationTest - ***** Clicked on MyAccount link *****
12:13:01.235 [main] INFO  testCases.TC001_AccountRegistrationTest - ***** Clicked on Register link *****
12:13:01.239 [main] INFO  testCases.TC001_AccountRegistrationTest - ***** Providing Customer Details *****
12:13:02.527 [main] INFO  testCases.TC001_AccountRegistrationTest - ***** Validatin Expected Message *****
12:13:02.570 [main] INFO  testCases.TC001_AccountRegistrationTest - ***** Finished TC001_AccountRegistrationTest *****
12:13:35.762 [main] DEBUG org.testng.TestNG - suiteXmlPath: "C:\Users\Pradeep\Desktop\JavaProgram\Opencartv1\master.xml"
12:13:35.966 [main] INFO  org.testng.internal.Utils - [TestNG] Running:
  C:\Users\Pradeep\Desktop\JavaProgram\Opencartv1\master.xml

12:13:56.783 [main] DEBUG org.testng.TestNG - suiteXmlPath: "C:\Users\Pradeep\Desktop\JavaProgram\Opencartv1\master.xml"
12:13:56.986 [main] INFO  org.testng.internal.Utils - [TestNG] Running:
  C:\Users\Pradeep\Desktop\JavaProgram\Opencartv1\master.xml

12:14:04.515 [main] INFO  testCases.TC001_AccountRegistrationTest - ***** Starting TC001_AccountRegistrationTest *****
12:14:04.605 [main] INFO  testCases.TC001_AccountRegistrationTest - ***** Clicked on MyAccount link *****
12:14:05.030 [main] INFO  testCases.TC001_AccountRegistrationTest - ***** Clicked on Register link *****
12:14:05.033 [main] INFO  testCases.TC001_AccountRegistrationTest - ***** Providing Customer Details *****
12:14:06.612 [main] INFO  testCases.TC001_AccountRegistrationTest - ***** Validatin Expected Message *****
12:14:06.655 [main] INFO  testCases.TC001_AccountRegistrationTest - ***** Finished TC001_AccountRegistrationTest *****
12:18:25.164 [main] DEBUG org.testng.TestNG - suiteXmlPath: "C:\Users\Pradeep\Desktop\JavaProgram\Opencartv1\crossbrowsertesing.xml"
12:18:25.361 [main] INFO  org.testng.internal.Utils - [TestNG] Running:
  C:\Users\Pradeep\Desktop\JavaProgram\Opencartv1\crossbrowsertesing.xml

12:18:28.817 [main] INFO  testCases.TC001_AccountRegistrationTest - ***** Starting TC001_AccountRegistrationTest *****
12:18:28.917 [main] INFO  testCases.TC001_AccountRegistrationTest - ***** Clicked on MyAccount link *****
12:18:29.325 [main] INFO  testCases.TC001_AccountRegistrationTest - ***** Clicked on Register link *****
12:18:29.327 [main] INFO  testCases.TC001_AccountRegistrationTest - ***** Providing Customer Details *****
12:18:31.925 [main] INFO  testCases.TC001_AccountRegistrationTest - ***** Validatin Expected Message *****
12:18:31.978 [main] INFO  testCases.TC001_AccountRegistrationTest - ***** Finished TC001_AccountRegistrationTest *****
12:18:33.999 [main] INFO  testCases.TC001_AccountRegistrationTest - ***** Starting TC001_AccountRegistrationTest *****
12:18:34.079 [main] INFO  testCases.TC001_AccountRegistrationTest - ***** Clicked on MyAccount link *****
12:18:34.480 [main] INFO  testCases.TC001_AccountRegistrationTest - ***** Clicked on Register link *****
12:18:34.480 [main] INFO  testCases.TC001_AccountRegistrationTest - ***** Providing Customer Details *****
12:18:36.058 [main] INFO  testCases.TC001_AccountRegistrationTest - ***** Validatin Expected Message *****
12:18:36.097 [main] INFO  testCases.TC001_AccountRegistrationTest - ***** Finished TC001_AccountRegistrationTest *****
12:19:10.055 [main] INFO  testCases.TC001_AccountRegistrationTest - ***** Starting TC001_AccountRegistrationTest *****
12:19:10.313 [main] INFO  testCases.TC001_AccountRegistrationTest - ***** Clicked on MyAccount link *****
12:19:10.719 [main] INFO  testCases.TC001_AccountRegistrationTest - ***** Clicked on Register link *****
12:19:10.720 [main] INFO  testCases.TC001_AccountRegistrationTest - ***** Providing Customer Details *****
12:19:11.961 [main] INFO  testCases.TC001_AccountRegistrationTest - ***** Validatin Expected Message *****
12:19:11.996 [main] INFO  testCases.TC001_AccountRegistrationTest - ***** Finished TC001_AccountRegistrationTest *****
12:20:48.685 [main] DEBUG org.testng.TestNG - suiteXmlPath: "C:\Users\Pradeep\Desktop\JavaProgram\Opencartv1\crossbrowsertesing.xml"
12:20:48.921 [main] INFO  org.testng.internal.Utils - [TestNG] Running:
  C:\Users\Pradeep\Desktop\JavaProgram\Opencartv1\crossbrowsertesing.xml

12:20:51.627 [TestNG-tests-2] INFO  testCases.TC001_AccountRegistrationTest - ***** Starting TC001_AccountRegistrationTest *****
12:20:51.726 [TestNG-tests-2] INFO  testCases.TC001_AccountRegistrationTest - ***** Clicked on MyAccount link *****
12:20:52.231 [TestNG-tests-2] INFO  testCases.TC001_AccountRegistrationTest - ***** Clicked on Register link *****
12:20:52.240 [TestNG-tests-2] INFO  testCases.TC001_AccountRegistrationTest - ***** Providing Customer Details *****
12:20:52.473 [TestNG-tests-1] INFO  testCases.TC001_AccountRegistrationTest - ***** Starting TC001_AccountRegistrationTest *****
12:20:52.571 [TestNG-tests-1] INFO  testCases.TC001_AccountRegistrationTest - ***** Clicked on MyAccount link *****
12:20:53.083 [TestNG-tests-1] INFO  testCases.TC001_AccountRegistrationTest - ***** Clicked on Register link *****
12:20:53.085 [TestNG-tests-1] INFO  testCases.TC001_AccountRegistrationTest - ***** Providing Customer Details *****
12:20:53.613 [TestNG-tests-2] INFO  testCases.TC001_AccountRegistrationTest - ***** Validatin Expected Message *****
12:20:53.663 [TestNG-tests-2] INFO  testCases.TC001_AccountRegistrationTest - ***** Finished TC001_AccountRegistrationTest *****
12:20:53.993 [TestNG-tests-3] INFO  testCases.TC001_AccountRegistrationTest - ***** Starting TC001_AccountRegistrationTest *****
12:20:54.178 [TestNG-tests-1] INFO  testCases.TC001_AccountRegistrationTest - ***** Validatin Expected Message *****
12:20:54.217 [TestNG-tests-1] INFO  testCases.TC001_AccountRegistrationTest - ***** Finished TC001_AccountRegistrationTest *****
12:20:54.271 [TestNG-tests-3] INFO  testCases.TC001_AccountRegistrationTest - ***** Clicked on MyAccount link *****
12:20:54.675 [TestNG-tests-3] INFO  testCases.TC001_AccountRegistrationTest - ***** Clicked on Register link *****
12:20:54.675 [TestNG-tests-3] INFO  testCases.TC001_AccountRegistrationTest - ***** Providing Customer Details *****
12:20:55.704 [TestNG-tests-3] INFO  testCases.TC001_AccountRegistrationTest - ***** Validatin Expected Message *****
12:20:55.722 [TestNG-tests-3] INFO  testCases.TC001_AccountRegistrationTest - ***** Finished TC001_AccountRegistrationTest *****
13:28:07.949 [main] DEBUG org.testng.TestNG - suiteXmlPath: "C:\Users\Pradeep\Desktop\JavaProgram\Opencartv1\master.xml"
13:28:08.145 [main] INFO  org.testng.internal.Utils - [TestNG] Running:
  C:\Users\Pradeep\Desktop\JavaProgram\Opencartv1\master.xml

13:28:35.060 [main] DEBUG org.testng.TestNG - suiteXmlPath: "C:\Users\Pradeep\Desktop\JavaProgram\Opencartv1\master.xml"
13:28:35.245 [main] INFO  org.testng.internal.Utils - [TestNG] Running:
  C:\Users\Pradeep\Desktop\JavaProgram\Opencartv1\master.xml

13:29:34.069 [main] DEBUG org.testng.TestNG - suiteXmlPath: "C:\Users\Pradeep\Desktop\JavaProgram\Opencartv1\master.xml"
13:29:34.238 [main] INFO  org.testng.internal.Utils - [TestNG] Running:
  C:\Users\Pradeep\Desktop\JavaProgram\Opencartv1\master.xml

13:30:04.257 [main] DEBUG org.testng.TestNG - suiteXmlPath: "C:\Users\Pradeep\Desktop\JavaProgram\Opencartv1\master.xml"
13:30:04.437 [main] INFO  org.testng.internal.Utils - [TestNG] Running:
  C:\Users\Pradeep\Desktop\JavaProgram\Opencartv1\master.xml

13:30:21.390 [main] DEBUG org.testng.TestNG - suiteXmlPath: "C:\Users\Pradeep\Desktop\JavaProgram\Opencartv1\master.xml"
13:30:21.563 [main] INFO  org.testng.internal.Utils - [TestNG] Running:
  C:\Users\Pradeep\Desktop\JavaProgram\Opencartv1\master.xml

13:31:57.498 [main] DEBUG org.testng.TestNG - suiteXmlPath: "C:\Users\Pradeep\Desktop\JavaProgram\Opencartv1\master.xml"
13:31:57.704 [main] INFO  org.testng.internal.Utils - [TestNG] Running:
  C:\Users\Pradeep\Desktop\JavaProgram\Opencartv1\master.xml

13:34:53.526 [main] DEBUG org.testng.TestNG - suiteXmlPath: "C:\Users\Pradeep\Desktop\JavaProgram\Opencartv1\master.xml"
13:34:53.708 [main] INFO  org.testng.internal.Utils - [TestNG] Running:
  C:\Users\Pradeep\Desktop\JavaProgram\Opencartv1\master.xml

13:34:58.743 [main] INFO  testCases.TC002_LoginTest - **********Starting TC_002_LoginTest *********
13:35:00.379 [main] INFO  testCases.TC002_LoginTest - **********Finish TC_002_LoginTest *********
18:52:47.700 [main] DEBUG org.testng.TestNG - suiteXmlPath: "C:\Users\Pradeep\Desktop\JavaProgram\Opencartv1\master.xml"
18:52:47.915 [main] INFO  org.testng.internal.Utils - [TestNG] Running:
  C:\Users\Pradeep\Desktop\JavaProgram\Opencartv1\master.xml

18:52:52.390 [main] INFO  testCases.TC002_LoginTest - **********Starting TC_002_LoginTest *********
18:52:54.068 [main] INFO  testCases.TC002_LoginTest - **********Finish TC_002_LoginTest *********
17:39:26.512 [main] DEBUG org.testng.TestNG - suiteXmlPath: "C:\Users\Pradeep\Desktop\JavaProgram\Opencartv1\master.xml"
17:39:26.750 [main] INFO  org.testng.internal.Utils - [TestNG] Running:
  C:\Users\Pradeep\Desktop\JavaProgram\Opencartv1\master.xml

17:39:31.528 [main] DEBUG org.apache.poi.openxml4j.opc.PackageRelationshipCollection - Parsing relationship: /xl/_rels/workbook.xml.rels
17:39:31.531 [main] DEBUG org.apache.poi.openxml4j.opc.PackageRelationshipCollection - Parsing relationship: /xl/worksheets/_rels/sheet1.xml.rels
17:39:31.533 [main] DEBUG org.apache.poi.openxml4j.opc.PackageRelationshipCollection - Parsing relationship: /_rels/.rels
17:39:32.120 [main] DEBUG org.apache.poi.openxml4j.opc.PackageRelationshipCollection - Parsing relationship: /xl/_rels/workbook.xml.rels
17:39:32.121 [main] DEBUG org.apache.poi.openxml4j.opc.PackageRelationshipCollection - Parsing relationship: /xl/worksheets/_rels/sheet1.xml.rels
17:39:32.122 [main] DEBUG org.apache.poi.openxml4j.opc.PackageRelationshipCollection - Parsing relationship: /_rels/.rels
17:39:32.155 [main] DEBUG org.apache.poi.openxml4j.opc.PackageRelationshipCollection - Parsing relationship: /xl/_rels/workbook.xml.rels
17:39:32.157 [main] DEBUG org.apache.poi.openxml4j.opc.PackageRelationshipCollection - Parsing relationship: /xl/worksheets/_rels/sheet1.xml.rels
17:39:32.158 [main] DEBUG org.apache.poi.openxml4j.opc.PackageRelationshipCollection - Parsing relationship: /_rels/.rels
17:39:32.195 [main] DEBUG org.apache.poi.openxml4j.opc.PackageRelationshipCollection - Parsing relationship: /xl/_rels/workbook.xml.rels
17:39:32.197 [main] DEBUG org.apache.poi.openxml4j.opc.PackageRelationshipCollection - Parsing relationship: /xl/worksheets/_rels/sheet1.xml.rels
17:39:32.199 [main] DEBUG org.apache.poi.openxml4j.opc.PackageRelationshipCollection - Parsing relationship: /_rels/.rels
17:39:32.230 [main] DEBUG org.apache.poi.openxml4j.opc.PackageRelationshipCollection - Parsing relationship: /xl/_rels/workbook.xml.rels
17:39:32.230 [main] DEBUG org.apache.poi.openxml4j.opc.PackageRelationshipCollection - Parsing relationship: /xl/worksheets/_rels/sheet1.xml.rels
17:39:32.231 [main] DEBUG org.apache.poi.openxml4j.opc.PackageRelationshipCollection - Parsing relationship: /_rels/.rels
17:39:32.258 [main] DEBUG org.apache.poi.openxml4j.opc.PackageRelationshipCollection - Parsing relationship: /xl/_rels/workbook.xml.rels
17:39:32.258 [main] DEBUG org.apache.poi.openxml4j.opc.PackageRelationshipCollection - Parsing relationship: /xl/worksheets/_rels/sheet1.xml.rels
17:39:32.259 [main] DEBUG org.apache.poi.openxml4j.opc.PackageRelationshipCollection - Parsing relationship: /_rels/.rels
17:39:32.283 [main] DEBUG org.apache.poi.openxml4j.opc.PackageRelationshipCollection - Parsing relationship: /xl/_rels/workbook.xml.rels
17:39:32.284 [main] DEBUG org.apache.poi.openxml4j.opc.PackageRelationshipCollection - Parsing relationship: /xl/worksheets/_rels/sheet1.xml.rels
17:39:32.285 [main] DEBUG org.apache.poi.openxml4j.opc.PackageRelationshipCollection - Parsing relationship: /_rels/.rels
17:39:32.309 [main] DEBUG org.apache.poi.openxml4j.opc.PackageRelationshipCollection - Parsing relationship: /xl/_rels/workbook.xml.rels
17:39:32.310 [main] DEBUG org.apache.poi.openxml4j.opc.PackageRelationshipCollection - Parsing relationship: /xl/worksheets/_rels/sheet1.xml.rels
17:39:32.311 [main] DEBUG org.apache.poi.openxml4j.opc.PackageRelationshipCollection - Parsing relationship: /_rels/.rels
17:39:32.335 [main] DEBUG org.apache.poi.openxml4j.opc.PackageRelationshipCollection - Parsing relationship: /xl/_rels/workbook.xml.rels
17:39:32.336 [main] DEBUG org.apache.poi.openxml4j.opc.PackageRelationshipCollection - Parsing relationship: /xl/worksheets/_rels/sheet1.xml.rels
17:39:32.338 [main] DEBUG org.apache.poi.openxml4j.opc.PackageRelationshipCollection - Parsing relationship: /_rels/.rels
17:39:32.362 [main] DEBUG org.apache.poi.openxml4j.opc.PackageRelationshipCollection - Parsing relationship: /xl/_rels/workbook.xml.rels
17:39:32.362 [main] DEBUG org.apache.poi.openxml4j.opc.PackageRelationshipCollection - Parsing relationship: /xl/worksheets/_rels/sheet1.xml.rels
17:39:32.363 [main] DEBUG org.apache.poi.openxml4j.opc.PackageRelationshipCollection - Parsing relationship: /_rels/.rels
17:39:32.380 [main] DEBUG org.apache.poi.openxml4j.opc.PackageRelationshipCollection - Parsing relationship: /xl/_rels/workbook.xml.rels
17:39:32.381 [main] DEBUG org.apache.poi.openxml4j.opc.PackageRelationshipCollection - Parsing relationship: /xl/worksheets/_rels/sheet1.xml.rels
17:39:32.381 [main] DEBUG org.apache.poi.openxml4j.opc.PackageRelationshipCollection - Parsing relationship: /_rels/.rels
17:39:32.402 [main] DEBUG org.apache.poi.openxml4j.opc.PackageRelationshipCollection - Parsing relationship: /xl/_rels/workbook.xml.rels
17:39:32.403 [main] DEBUG org.apache.poi.openxml4j.opc.PackageRelationshipCollection - Parsing relationship: /xl/worksheets/_rels/sheet1.xml.rels
17:39:32.404 [main] DEBUG org.apache.poi.openxml4j.opc.PackageRelationshipCollection - Parsing relationship: /_rels/.rels
17:39:32.426 [main] DEBUG org.apache.poi.openxml4j.opc.PackageRelationshipCollection - Parsing relationship: /xl/_rels/workbook.xml.rels
17:39:32.426 [main] DEBUG org.apache.poi.openxml4j.opc.PackageRelationshipCollection - Parsing relationship: /xl/worksheets/_rels/sheet1.xml.rels
17:39:32.428 [main] DEBUG org.apache.poi.openxml4j.opc.PackageRelationshipCollection - Parsing relationship: /_rels/.rels
17:39:32.577 [main] DEBUG org.apache.poi.openxml4j.opc.PackageRelationshipCollection - Parsing relationship: /xl/_rels/workbook.xml.rels
17:39:32.578 [main] DEBUG org.apache.poi.openxml4j.opc.PackageRelationshipCollection - Parsing relationship: /xl/worksheets/_rels/sheet1.xml.rels
17:39:32.581 [main] DEBUG org.apache.poi.openxml4j.opc.PackageRelationshipCollection - Parsing relationship: /_rels/.rels
17:39:32.643 [main] DEBUG org.apache.poi.openxml4j.opc.PackageRelationshipCollection - Parsing relationship: /xl/_rels/workbook.xml.rels
17:39:32.643 [main] DEBUG org.apache.poi.openxml4j.opc.PackageRelationshipCollection - Parsing relationship: /xl/worksheets/_rels/sheet1.xml.rels
17:39:32.645 [main] DEBUG org.apache.poi.openxml4j.opc.PackageRelationshipCollection - Parsing relationship: /_rels/.rels
17:39:32.666 [main] DEBUG org.apache.poi.openxml4j.opc.PackageRelationshipCollection - Parsing relationship: /xl/_rels/workbook.xml.rels
17:39:32.667 [main] DEBUG org.apache.poi.openxml4j.opc.PackageRelationshipCollection - Parsing relationship: /xl/worksheets/_rels/sheet1.xml.rels
17:39:32.667 [main] DEBUG org.apache.poi.openxml4j.opc.PackageRelationshipCollection - Parsing relationship: /_rels/.rels
17:39:32.688 [main] DEBUG org.apache.poi.openxml4j.opc.PackageRelationshipCollection - Parsing relationship: /xl/_rels/workbook.xml.rels
17:39:32.688 [main] DEBUG org.apache.poi.openxml4j.opc.PackageRelationshipCollection - Parsing relationship: /xl/worksheets/_rels/sheet1.xml.rels
17:39:32.689 [main] DEBUG org.apache.poi.openxml4j.opc.PackageRelationshipCollection - Parsing relationship: /_rels/.rels
17:39:32.739 [main] INFO  testCases.TC003_LoginDDT - **********Starting TC_002_LoginTest *********
17:39:34.641 [main] INFO  testCases.TC003_LoginDDT - **********Finish TC_002_LoginTest *********
17:39:34.646 [main] INFO  testCases.TC003_LoginDDT - **********Starting TC_002_LoginTest *********
17:39:55.773 [main] INFO  testCases.TC003_LoginDDT - **********Starting TC_002_LoginTest *********
17:40:17.976 [main] INFO  testCases.TC003_LoginDDT - **********Starting TC_002_LoginTest *********
17:40:39.542 [main] INFO  testCases.TC003_LoginDDT - **********Starting TC_002_LoginTest *********
17:40:41.681 [main] INFO  testCases.TC003_LoginDDT - **********Finish TC_002_LoginTest *********
17:45:20.085 [main] DEBUG org.testng.TestNG - suiteXmlPath: "C:\Users\Pradeep\Desktop\JavaProgram\Opencartv1\master.xml"
17:45:20.284 [main] INFO  org.testng.internal.Utils - [TestNG] Running:
  C:\Users\Pradeep\Desktop\JavaProgram\Opencartv1\master.xml

17:45:23.377 [main] DEBUG org.apache.poi.openxml4j.opc.PackageRelationshipCollection - Parsing relationship: /xl/_rels/workbook.xml.rels
17:45:23.380 [main] DEBUG org.apache.poi.openxml4j.opc.PackageRelationshipCollection - Parsing relationship: /xl/worksheets/_rels/sheet1.xml.rels
17:45:23.382 [main] DEBUG org.apache.poi.openxml4j.opc.PackageRelationshipCollection - Parsing relationship: /_rels/.rels
17:45:23.899 [main] DEBUG org.apache.poi.openxml4j.opc.PackageRelationshipCollection - Parsing relationship: /xl/_rels/workbook.xml.rels
17:45:23.900 [main] DEBUG org.apache.poi.openxml4j.opc.PackageRelationshipCollection - Parsing relationship: /xl/worksheets/_rels/sheet1.xml.rels
17:45:23.901 [main] DEBUG org.apache.poi.openxml4j.opc.PackageRelationshipCollection - Parsing relationship: /_rels/.rels
17:45:23.934 [main] DEBUG org.apache.poi.openxml4j.opc.PackageRelationshipCollection - Parsing relationship: /xl/_rels/workbook.xml.rels
17:45:23.936 [main] DEBUG org.apache.poi.openxml4j.opc.PackageRelationshipCollection - Parsing relationship: /xl/worksheets/_rels/sheet1.xml.rels
17:45:23.937 [main] DEBUG org.apache.poi.openxml4j.opc.PackageRelationshipCollection - Parsing relationship: /_rels/.rels
17:45:23.976 [main] DEBUG org.apache.poi.openxml4j.opc.PackageRelationshipCollection - Parsing relationship: /xl/_rels/workbook.xml.rels
17:45:23.977 [main] DEBUG org.apache.poi.openxml4j.opc.PackageRelationshipCollection - Parsing relationship: /xl/worksheets/_rels/sheet1.xml.rels
17:45:23.978 [main] DEBUG org.apache.poi.openxml4j.opc.PackageRelationshipCollection - Parsing relationship: /_rels/.rels
17:45:24.001 [main] DEBUG org.apache.poi.openxml4j.opc.PackageRelationshipCollection - Parsing relationship: /xl/_rels/workbook.xml.rels
17:45:24.002 [main] DEBUG org.apache.poi.openxml4j.opc.PackageRelationshipCollection - Parsing relationship: /xl/worksheets/_rels/sheet1.xml.rels
17:45:24.003 [main] DEBUG org.apache.poi.openxml4j.opc.PackageRelationshipCollection - Parsing relationship: /_rels/.rels
17:45:24.026 [main] DEBUG org.apache.poi.openxml4j.opc.PackageRelationshipCollection - Parsing relationship: /xl/_rels/workbook.xml.rels
17:45:24.027 [main] DEBUG org.apache.poi.openxml4j.opc.PackageRelationshipCollection - Parsing relationship: /xl/worksheets/_rels/sheet1.xml.rels
17:45:24.028 [main] DEBUG org.apache.poi.openxml4j.opc.PackageRelationshipCollection - Parsing relationship: /_rels/.rels
17:45:24.056 [main] DEBUG org.apache.poi.openxml4j.opc.PackageRelationshipCollection - Parsing relationship: /xl/_rels/workbook.xml.rels
17:45:24.058 [main] DEBUG org.apache.poi.openxml4j.opc.PackageRelationshipCollection - Parsing relationship: /xl/worksheets/_rels/sheet1.xml.rels
17:45:24.060 [main] DEBUG org.apache.poi.openxml4j.opc.PackageRelationshipCollection - Parsing relationship: /_rels/.rels
17:45:24.080 [main] DEBUG org.apache.poi.openxml4j.opc.PackageRelationshipCollection - Parsing relationship: /xl/_rels/workbook.xml.rels
17:45:24.081 [main] DEBUG org.apache.poi.openxml4j.opc.PackageRelationshipCollection - Parsing relationship: /xl/worksheets/_rels/sheet1.xml.rels
17:45:24.081 [main] DEBUG org.apache.poi.openxml4j.opc.PackageRelationshipCollection - Parsing relationship: /_rels/.rels
17:45:24.103 [main] DEBUG org.apache.poi.openxml4j.opc.PackageRelationshipCollection - Parsing relationship: /xl/_rels/workbook.xml.rels
17:45:24.103 [main] DEBUG org.apache.poi.openxml4j.opc.PackageRelationshipCollection - Parsing relationship: /xl/worksheets/_rels/sheet1.xml.rels
17:45:24.104 [main] DEBUG org.apache.poi.openxml4j.opc.PackageRelationshipCollection - Parsing relationship: /_rels/.rels
17:45:24.127 [main] DEBUG org.apache.poi.openxml4j.opc.PackageRelationshipCollection - Parsing relationship: /xl/_rels/workbook.xml.rels
17:45:24.128 [main] DEBUG org.apache.poi.openxml4j.opc.PackageRelationshipCollection - Parsing relationship: /xl/worksheets/_rels/sheet1.xml.rels
17:45:24.129 [main] DEBUG org.apache.poi.openxml4j.opc.PackageRelationshipCollection - Parsing relationship: /_rels/.rels
17:45:24.151 [main] DEBUG org.apache.poi.openxml4j.opc.PackageRelationshipCollection - Parsing relationship: /xl/_rels/workbook.xml.rels
17:45:24.152 [main] DEBUG org.apache.poi.openxml4j.opc.PackageRelationshipCollection - Parsing relationship: /xl/worksheets/_rels/sheet1.xml.rels
17:45:24.153 [main] DEBUG org.apache.poi.openxml4j.opc.PackageRelationshipCollection - Parsing relationship: /_rels/.rels
17:45:24.175 [main] DEBUG org.apache.poi.openxml4j.opc.PackageRelationshipCollection - Parsing relationship: /xl/_rels/workbook.xml.rels
17:45:24.176 [main] DEBUG org.apache.poi.openxml4j.opc.PackageRelationshipCollection - Parsing relationship: /xl/worksheets/_rels/sheet1.xml.rels
17:45:24.177 [main] DEBUG org.apache.poi.openxml4j.opc.PackageRelationshipCollection - Parsing relationship: /_rels/.rels
17:45:24.197 [main] DEBUG org.apache.poi.openxml4j.opc.PackageRelationshipCollection - Parsing relationship: /xl/_rels/workbook.xml.rels
17:45:24.197 [main] DEBUG org.apache.poi.openxml4j.opc.PackageRelationshipCollection - Parsing relationship: /xl/worksheets/_rels/sheet1.xml.rels
17:45:24.198 [main] DEBUG org.apache.poi.openxml4j.opc.PackageRelationshipCollection - Parsing relationship: /_rels/.rels
17:45:24.218 [main] DEBUG org.apache.poi.openxml4j.opc.PackageRelationshipCollection - Parsing relationship: /xl/_rels/workbook.xml.rels
17:45:24.219 [main] DEBUG org.apache.poi.openxml4j.opc.PackageRelationshipCollection - Parsing relationship: /xl/worksheets/_rels/sheet1.xml.rels
17:45:24.219 [main] DEBUG org.apache.poi.openxml4j.opc.PackageRelationshipCollection - Parsing relationship: /_rels/.rels
17:45:24.240 [main] DEBUG org.apache.poi.openxml4j.opc.PackageRelationshipCollection - Parsing relationship: /xl/_rels/workbook.xml.rels
17:45:24.241 [main] DEBUG org.apache.poi.openxml4j.opc.PackageRelationshipCollection - Parsing relationship: /xl/worksheets/_rels/sheet1.xml.rels
17:45:24.241 [main] DEBUG org.apache.poi.openxml4j.opc.PackageRelationshipCollection - Parsing relationship: /_rels/.rels
17:45:24.262 [main] DEBUG org.apache.poi.openxml4j.opc.PackageRelationshipCollection - Parsing relationship: /xl/_rels/workbook.xml.rels
17:45:24.263 [main] DEBUG org.apache.poi.openxml4j.opc.PackageRelationshipCollection - Parsing relationship: /xl/worksheets/_rels/sheet1.xml.rels
17:45:24.263 [main] DEBUG org.apache.poi.openxml4j.opc.PackageRelationshipCollection - Parsing relationship: /_rels/.rels
17:45:24.285 [main] DEBUG org.apache.poi.openxml4j.opc.PackageRelationshipCollection - Parsing relationship: /xl/_rels/workbook.xml.rels
17:45:24.286 [main] DEBUG org.apache.poi.openxml4j.opc.PackageRelationshipCollection - Parsing relationship: /xl/worksheets/_rels/sheet1.xml.rels
17:45:24.286 [main] DEBUG org.apache.poi.openxml4j.opc.PackageRelationshipCollection - Parsing relationship: /_rels/.rels
17:45:24.318 [main] INFO  testCases.TC003_LoginDDT - **********Starting TC_002_LoginTest *********
17:45:26.189 [main] INFO  testCases.TC003_LoginDDT - **********Finish TC_002_LoginTest *********
17:45:26.195 [main] INFO  testCases.TC003_LoginDDT - **********Starting TC_002_LoginTest *********
17:45:37.263 [main] INFO  testCases.TC003_LoginDDT - **********Finish TC_002_LoginTest *********
17:45:37.269 [main] INFO  testCases.TC003_LoginDDT - **********Starting TC_002_LoginTest *********
17:45:48.797 [main] INFO  testCases.TC003_LoginDDT - **********Finish TC_002_LoginTest *********
17:45:48.802 [main] INFO  testCases.TC003_LoginDDT - **********Starting TC_002_LoginTest *********
17:46:01.034 [main] INFO  testCases.TC003_LoginDDT - **********Finish TC_002_LoginTest *********
17:46:01.039 [main] INFO  testCases.TC003_LoginDDT - **********Starting TC_002_LoginTest *********
17:46:03.310 [main] INFO  testCases.TC003_LoginDDT - **********Finish TC_002_LoginTest *********
17:50:36.923 [main] DEBUG org.testng.TestNG - suiteXmlPath: "C:\Users\Pradeep\Desktop\JavaProgram\Opencartv1\master.xml"
17:50:37.145 [main] INFO  org.testng.internal.Utils - [TestNG] Running:
  C:\Users\Pradeep\Desktop\JavaProgram\Opencartv1\master.xml

17:50:40.813 [main] DEBUG org.apache.poi.openxml4j.opc.PackageRelationshipCollection - Parsing relationship: /xl/_rels/workbook.xml.rels
17:50:40.817 [main] DEBUG org.apache.poi.openxml4j.opc.PackageRelationshipCollection - Parsing relationship: /xl/worksheets/_rels/sheet1.xml.rels
17:50:40.820 [main] DEBUG org.apache.poi.openxml4j.opc.PackageRelationshipCollection - Parsing relationship: /_rels/.rels
17:50:41.869 [main] DEBUG org.apache.poi.openxml4j.opc.PackageRelationshipCollection - Parsing relationship: /xl/_rels/workbook.xml.rels
17:50:41.871 [main] DEBUG org.apache.poi.openxml4j.opc.PackageRelationshipCollection - Parsing relationship: /xl/worksheets/_rels/sheet1.xml.rels
17:50:41.876 [main] DEBUG org.apache.poi.openxml4j.opc.PackageRelationshipCollection - Parsing relationship: /_rels/.rels
17:50:41.933 [main] DEBUG org.apache.poi.openxml4j.opc.PackageRelationshipCollection - Parsing relationship: /xl/_rels/workbook.xml.rels
17:50:41.935 [main] DEBUG org.apache.poi.openxml4j.opc.PackageRelationshipCollection - Parsing relationship: /xl/worksheets/_rels/sheet1.xml.rels
17:50:41.937 [main] DEBUG org.apache.poi.openxml4j.opc.PackageRelationshipCollection - Parsing relationship: /_rels/.rels
17:50:41.999 [main] DEBUG org.apache.poi.openxml4j.opc.PackageRelationshipCollection - Parsing relationship: /xl/_rels/workbook.xml.rels
17:50:42.000 [main] DEBUG org.apache.poi.openxml4j.opc.PackageRelationshipCollection - Parsing relationship: /xl/worksheets/_rels/sheet1.xml.rels
17:50:42.003 [main] DEBUG org.apache.poi.openxml4j.opc.PackageRelationshipCollection - Parsing relationship: /_rels/.rels
17:50:42.054 [main] DEBUG org.apache.poi.openxml4j.opc.PackageRelationshipCollection - Parsing relationship: /xl/_rels/workbook.xml.rels
17:50:42.056 [main] DEBUG org.apache.poi.openxml4j.opc.PackageRelationshipCollection - Parsing relationship: /xl/worksheets/_rels/sheet1.xml.rels
17:50:42.057 [main] DEBUG org.apache.poi.openxml4j.opc.PackageRelationshipCollection - Parsing relationship: /_rels/.rels
17:50:42.104 [main] DEBUG org.apache.poi.openxml4j.opc.PackageRelationshipCollection - Parsing relationship: /xl/_rels/workbook.xml.rels
17:50:42.106 [main] DEBUG org.apache.poi.openxml4j.opc.PackageRelationshipCollection - Parsing relationship: /xl/worksheets/_rels/sheet1.xml.rels
17:50:42.108 [main] DEBUG org.apache.poi.openxml4j.opc.PackageRelationshipCollection - Parsing relationship: /_rels/.rels
17:50:42.152 [main] DEBUG org.apache.poi.openxml4j.opc.PackageRelationshipCollection - Parsing relationship: /xl/_rels/workbook.xml.rels
17:50:42.154 [main] DEBUG org.apache.poi.openxml4j.opc.PackageRelationshipCollection - Parsing relationship: /xl/worksheets/_rels/sheet1.xml.rels
17:50:42.156 [main] DEBUG org.apache.poi.openxml4j.opc.PackageRelationshipCollection - Parsing relationship: /_rels/.rels
17:50:42.198 [main] DEBUG org.apache.poi.openxml4j.opc.PackageRelationshipCollection - Parsing relationship: /xl/_rels/workbook.xml.rels
17:50:42.200 [main] DEBUG org.apache.poi.openxml4j.opc.PackageRelationshipCollection - Parsing relationship: /xl/worksheets/_rels/sheet1.xml.rels
17:50:42.202 [main] DEBUG org.apache.poi.openxml4j.opc.PackageRelationshipCollection - Parsing relationship: /_rels/.rels
17:50:42.243 [main] DEBUG org.apache.poi.openxml4j.opc.PackageRelationshipCollection - Parsing relationship: /xl/_rels/workbook.xml.rels
17:50:42.245 [main] DEBUG org.apache.poi.openxml4j.opc.PackageRelationshipCollection - Parsing relationship: /xl/worksheets/_rels/sheet1.xml.rels
17:50:42.246 [main] DEBUG org.apache.poi.openxml4j.opc.PackageRelationshipCollection - Parsing relationship: /_rels/.rels
17:50:42.285 [main] DEBUG org.apache.poi.openxml4j.opc.PackageRelationshipCollection - Parsing relationship: /xl/_rels/workbook.xml.rels
17:50:42.286 [main] DEBUG org.apache.poi.openxml4j.opc.PackageRelationshipCollection - Parsing relationship: /xl/worksheets/_rels/sheet1.xml.rels
17:50:42.287 [main] DEBUG org.apache.poi.openxml4j.opc.PackageRelationshipCollection - Parsing relationship: /_rels/.rels
17:50:42.329 [main] DEBUG org.apache.poi.openxml4j.opc.PackageRelationshipCollection - Parsing relationship: /xl/_rels/workbook.xml.rels
17:50:42.331 [main] DEBUG org.apache.poi.openxml4j.opc.PackageRelationshipCollection - Parsing relationship: /xl/worksheets/_rels/sheet1.xml.rels
17:50:42.332 [main] DEBUG org.apache.poi.openxml4j.opc.PackageRelationshipCollection - Parsing relationship: /_rels/.rels
17:50:42.372 [main] DEBUG org.apache.poi.openxml4j.opc.PackageRelationshipCollection - Parsing relationship: /xl/_rels/workbook.xml.rels
17:50:42.374 [main] DEBUG org.apache.poi.openxml4j.opc.PackageRelationshipCollection - Parsing relationship: /xl/worksheets/_rels/sheet1.xml.rels
17:50:42.375 [main] DEBUG org.apache.poi.openxml4j.opc.PackageRelationshipCollection - Parsing relationship: /_rels/.rels
17:50:42.425 [main] DEBUG org.apache.poi.openxml4j.opc.PackageRelationshipCollection - Parsing relationship: /xl/_rels/workbook.xml.rels
17:50:42.427 [main] DEBUG org.apache.poi.openxml4j.opc.PackageRelationshipCollection - Parsing relationship: /xl/worksheets/_rels/sheet1.xml.rels
17:50:42.429 [main] DEBUG org.apache.poi.openxml4j.opc.PackageRelationshipCollection - Parsing relationship: /_rels/.rels
17:50:42.466 [main] DEBUG org.apache.poi.openxml4j.opc.PackageRelationshipCollection - Parsing relationship: /xl/_rels/workbook.xml.rels
17:50:42.467 [main] DEBUG org.apache.poi.openxml4j.opc.PackageRelationshipCollection - Parsing relationship: /xl/worksheets/_rels/sheet1.xml.rels
17:50:42.469 [main] DEBUG org.apache.poi.openxml4j.opc.PackageRelationshipCollection - Parsing relationship: /_rels/.rels
17:50:42.510 [main] DEBUG org.apache.poi.openxml4j.opc.PackageRelationshipCollection - Parsing relationship: /xl/_rels/workbook.xml.rels
17:50:42.511 [main] DEBUG org.apache.poi.openxml4j.opc.PackageRelationshipCollection - Parsing relationship: /xl/worksheets/_rels/sheet1.xml.rels
17:50:42.512 [main] DEBUG org.apache.poi.openxml4j.opc.PackageRelationshipCollection - Parsing relationship: /_rels/.rels
17:50:42.553 [main] DEBUG org.apache.poi.openxml4j.opc.PackageRelationshipCollection - Parsing relationship: /xl/_rels/workbook.xml.rels
17:50:42.554 [main] DEBUG org.apache.poi.openxml4j.opc.PackageRelationshipCollection - Parsing relationship: /xl/worksheets/_rels/sheet1.xml.rels
17:50:42.555 [main] DEBUG org.apache.poi.openxml4j.opc.PackageRelationshipCollection - Parsing relationship: /_rels/.rels
17:50:42.590 [main] DEBUG org.apache.poi.openxml4j.opc.PackageRelationshipCollection - Parsing relationship: /xl/_rels/workbook.xml.rels
17:50:42.591 [main] DEBUG org.apache.poi.openxml4j.opc.PackageRelationshipCollection - Parsing relationship: /xl/worksheets/_rels/sheet1.xml.rels
17:50:42.593 [main] DEBUG org.apache.poi.openxml4j.opc.PackageRelationshipCollection - Parsing relationship: /_rels/.rels
17:50:42.645 [main] INFO  testCases.TC003_LoginDDT - **********Starting TC_002_LoginTest *********
17:50:48.026 [main] INFO  testCases.TC003_LoginDDT - **********Finish TC_002_LoginTest *********
17:50:48.032 [main] INFO  testCases.TC003_LoginDDT - **********Starting TC_002_LoginTest *********
17:51:02.247 [main] INFO  testCases.TC003_LoginDDT - **********Finish TC_002_LoginTest *********
17:51:02.253 [main] INFO  testCases.TC003_LoginDDT - **********Starting TC_002_LoginTest *********
17:51:18.565 [main] INFO  testCases.TC003_LoginDDT - **********Finish TC_002_LoginTest *********
17:51:18.570 [main] INFO  testCases.TC003_LoginDDT - **********Starting TC_002_LoginTest *********
17:51:34.598 [main] INFO  testCases.TC003_LoginDDT - **********Finish TC_002_LoginTest *********
17:51:34.603 [main] INFO  testCases.TC003_LoginDDT - **********Starting TC_002_LoginTest *********
17:51:40.552 [main] INFO  testCases.TC003_LoginDDT - **********Finish TC_002_LoginTest *********
18:44:09.128 [main] DEBUG org.testng.TestNG - suiteXmlPath: "C:\Users\Pradeep\AppData\Local\Temp\testng-eclipse-895150166\testng-customsuite.xml"
18:44:09.293 [main] INFO  org.testng.internal.Utils - [Utils] MethodGroupsHelper.collectMethodsByGroup() took 1 ms.
18:44:09.295 [main] INFO  org.testng.internal.Utils - [Utils] MethodGroupsHelper.sortMethods() took 1 ms.
18:44:09.297 [main] INFO  org.testng.internal.Utils - [Utils] MethodGroupsHelper.collectMethodsByGroup() took 0 ms.
18:44:09.297 [main] INFO  org.testng.internal.Utils - [Utils] MethodGroupsHelper.sortMethods() took 0 ms.
18:44:09.298 [main] INFO  org.testng.internal.Utils - [Utils] MethodGroupsHelper.collectMethodsByGroup() took 0 ms.
18:44:09.298 [main] INFO  org.testng.internal.Utils - [Utils] MethodGroupsHelper.sortMethods() took 0 ms.
18:44:09.298 [main] INFO  org.testng.internal.Utils - [Utils] MethodGroupsHelper.collectMethodsByGroup() took 0 ms.
18:44:09.298 [main] INFO  org.testng.internal.Utils - [Utils] MethodGroupsHelper.sortMethods() took 0 ms.
18:44:09.303 [main] INFO  org.testng.internal.Utils - [Utils] MethodGroupsHelper.collectMethodsByGroup() took 3 ms.
18:44:09.309 [main] INFO  org.testng.internal.Utils - [Utils] MethodGroupsHelper.sortMethods() took 5 ms.
18:44:09.310 [main] INFO  org.testng.internal.Utils - [Utils] MethodGroupsHelper.collectMethodsByGroup() took 0 ms.
18:44:09.311 [main] INFO  org.testng.internal.Utils - [Utils] MethodGroupsHelper.sortMethods() took 1 ms.
18:44:09.311 [main] INFO  org.testng.internal.Utils - [Utils] MethodGroupsHelper.collectMethodsByGroup() took 0 ms.
18:44:09.311 [main] INFO  org.testng.internal.Utils - [Utils] MethodGroupsHelper.sortMethods() took 0 ms.
18:44:09.312 [main] INFO  org.testng.internal.Utils - [Utils] MethodGroupsHelper.collectMethodsByGroup() took 0 ms.
18:44:09.312 [main] INFO  org.testng.internal.Utils - [Utils] MethodGroupsHelper.sortMethods() took 0 ms.
18:44:09.313 [main] INFO  org.testng.internal.Utils - [Utils] MethodGroupsHelper.collectMethodsByGroup() took 0 ms.
18:44:09.313 [main] INFO  org.testng.internal.Utils - [Utils] MethodGroupsHelper.sortMethods() took 0 ms.
18:44:09.313 [main] INFO  org.testng.internal.Utils - [Utils] MethodGroupsHelper.collectMethodsByGroup() took 0 ms.
18:44:09.313 [main] INFO  org.testng.internal.Utils - [Utils] MethodGroupsHelper.sortMethods() took 0 ms.
18:44:09.314 [main] INFO  org.testng.internal.Utils - [Utils] MethodGroupsHelper.collectMethodsByGroup() took 0 ms.
18:44:09.315 [main] INFO  org.testng.internal.Utils - [Utils] MethodGroupsHelper.sortMethods() took 0 ms.
18:44:09.315 [main] INFO  org.testng.internal.Utils - [Utils] MethodGroupsHelper.collectMethodsByGroup() took 0 ms.
18:44:09.315 [main] INFO  org.testng.internal.Utils - [Utils] MethodGroupsHelper.sortMethods() took 0 ms.
18:44:09.315 [main] INFO  org.testng.internal.Utils - [Utils] MethodGroupsHelper.collectMethodsByGroup() took 0 ms.
18:44:09.317 [main] INFO  org.testng.internal.Utils - [Utils] MethodGroupsHelper.sortMethods() took 0 ms.
18:44:09.318 [main] INFO  org.testng.internal.Utils - [Utils] MethodGroupsHelper.collectMethodsByGroup() took 0 ms.
18:44:09.318 [main] INFO  org.testng.internal.Utils - [Utils] MethodGroupsHelper.sortMethods() took 0 ms.
18:44:09.318 [main] INFO  org.testng.internal.Utils - [Utils] MethodGroupsHelper.collectMethodsByGroup() took 0 ms.
18:44:09.318 [main] INFO  org.testng.internal.Utils - [Utils] MethodGroupsHelper.sortMethods() took 0 ms.
18:44:09.323 [main] INFO  org.testng.internal.Utils - [TestNG] Running:
  C:\Users\Pradeep\AppData\Local\Temp\testng-eclipse-895150166\testng-customsuite.xml

18:44:09.337 [main] INFO  org.testng.internal.Utils - [Utils] DynamicGraphHelper.createDynamicGraph() took 3 ms.
18:44:09.512 [main] INFO  org.testng.internal.Utils - [TestNG] Time taken by org.testng.reporters.jq.Main@675d8c96: 74 ms
18:44:09.525 [main] INFO  org.testng.internal.Utils - [TestNG] Time taken by org.testng.reporters.FailedReporter@180e6ac4: 13 ms
18:44:09.535 [main] INFO  org.testng.internal.Utils - [TestNG] Time taken by org.testng.reporters.XMLReporter@649725e3: 10 ms
18:44:09.543 [main] INFO  org.testng.internal.Utils - [TestNG] Time taken by org.testng.reporters.EmailableReporter2@5dbe30be: 8 ms
18:44:09.551 [main] INFO  org.testng.internal.Utils - [TestNG] Time taken by org.testng.reporters.JUnitReportReporter@7fd4acee: 8 ms
18:44:09.551 [main] INFO  org.testng.internal.Utils - [TestNG] Time taken by org.testng.internal.ExitCodeListener@165b8a71: 0 ms
18:44:11.639 [main] DEBUG org.testng.TestNG - suiteXmlPath: "C:\Users\Pradeep\AppData\Local\Temp\testng-eclipse-1542682565\testng-customsuite.xml"
18:44:11.803 [main] INFO  org.testng.internal.Utils - [Utils] MethodGroupsHelper.collectMethodsByGroup() took 0 ms.
